This is pdfTeX, Version 3.141592653-2.6-1.40.22 (TeX Live 2021/TeX Live for SUSE Linux) (preloaded format=pdflatex 2023.6.13)  22 MAR 2024 08:56
entering extended mode
 restricted \write18 enabled.
 %&-line parsing enabled.
**talk
(./talk.tex
LaTeX2e <2020-10-01> patch level 4
L3 programming layer <2021-02-18> (/usr/share/texmf/tex/latex/beamer/beamer.cls
Document Class: beamer 2021/03/19 v3.62 A class for typesetting presentations
(/usr/share/texmf/tex/latex/beamer/beamerbasemodes.sty
(/usr/share/texmf/tex/latex/etoolbox/etoolbox.sty
Package: etoolbox 2020/10/05 v2.5k e-TeX tools for LaTeX (JAW)
\etb@tempcnta=\count179
)
\beamer@tempbox=\box47
\beamer@tempcount=\count180
\c@beamerpauses=\count181

(/usr/share/texmf/tex/latex/beamer/beamerbasedecode.sty
\beamer@slideinframe=\count182
\beamer@minimum=\count183
\beamer@decode@box=\box48
)
\beamer@commentbox=\box49
\beamer@modecount=\count184
)
(/usr/share/texmf/tex/generic/iftex/ifpdf.sty
Package: ifpdf 2019/10/25 v3.4 ifpdf legacy package. Use iftex instead.

(/usr/share/texmf/tex/generic/iftex/iftex.sty
Package: iftex 2020/03/06 v1.0d TeX engine tests
))
\headdp=\dimen138
\footheight=\dimen139
\sidebarheight=\dimen140
\beamer@tempdim=\dimen141
\beamer@finalheight=\dimen142
\beamer@animht=\dimen143
\beamer@animdp=\dimen144
\beamer@animwd=\dimen145
\beamer@leftmargin=\dimen146
\beamer@rightmargin=\dimen147
\beamer@leftsidebar=\dimen148
\beamer@rightsidebar=\dimen149
\beamer@boxsize=\dimen150
\beamer@vboxoffset=\dimen151
\beamer@descdefault=\dimen152
\beamer@descriptionwidth=\dimen153
\beamer@lastskip=\skip47
\beamer@areabox=\box50
\beamer@animcurrent=\box51
\beamer@animshowbox=\box52
\beamer@sectionbox=\box53
\beamer@logobox=\box54
\beamer@linebox=\box55
\beamer@sectioncount=\count185
\beamer@subsubsectionmax=\count186
\beamer@subsectionmax=\count187
\beamer@sectionmax=\count188
\beamer@totalheads=\count189
\beamer@headcounter=\count190
\beamer@partstartpage=\count191
\beamer@sectionstartpage=\count192
\beamer@subsectionstartpage=\count193
\beamer@animationtempa=\count194
\beamer@animationtempb=\count195
\beamer@xpos=\count196
\beamer@ypos=\count197
\beamer@ypos@offset=\count198
\beamer@showpartnumber=\count199
\beamer@currentsubsection=\count266
\beamer@coveringdepth=\count267
\beamer@sectionadjust=\count268
\beamer@tocsectionnumber=\count269

(/usr/share/texmf/tex/latex/beamer/beamerbaseoptions.sty
(/usr/share/texmf/tex/latex/graphics/keyval.sty
Package: keyval 2014/10/28 v1.15 key=value parser (DPC)
\KV@toks@=\toks15
))
\beamer@paperwidth=\skip48
\beamer@paperheight=\skip49

(/usr/share/texmf/tex/latex/geometry/geometry.sty
Package: geometry 2020/01/02 v5.9 Page Geometry

(/usr/share/texmf/tex/generic/iftex/ifvtex.sty
Package: ifvtex 2019/10/25 v1.7 ifvtex legacy package. Use iftex instead.
)
\Gm@cnth=\count270
\Gm@cntv=\count271
\c@Gm@tempcnt=\count272
\Gm@bindingoffset=\dimen154
\Gm@wd@mp=\dimen155
\Gm@odd@mp=\dimen156
\Gm@even@mp=\dimen157
\Gm@layoutwidth=\dimen158
\Gm@layoutheight=\dimen159
\Gm@layouthoffset=\dimen160
\Gm@layoutvoffset=\dimen161
\Gm@dimlist=\toks16
)
(/usr/share/texmf/tex/latex/base/size10.clo
File: size10.clo 2020/04/10 v1.4m Standard LaTeX file (size option)
)
(/usr/share/texmf/tex/latex/pgf/basiclayer/pgfcore.sty
(/usr/share/texmf/tex/latex/graphics/graphicx.sty
Package: graphicx 2020/09/09 v1.2b Enhanced LaTeX Graphics (DPC,SPQR)

(/usr/share/texmf/tex/latex/graphics/graphics.sty
Package: graphics 2020/08/30 v1.4c Standard LaTeX Graphics (DPC,SPQR)

(/usr/share/texmf/tex/latex/graphics/trig.sty
Package: trig 2016/01/03 v1.10 sin cos tan (DPC)
)
(/usr/share/texmf/tex/latex/graphics-cfg/graphics.cfg
File: graphics.cfg 2016/06/04 v1.11 sample graphics configuration
)
Package graphics Info: Driver file: pdftex.def on input line 105.

(/usr/share/texmf/tex/latex/graphics-def/pdftex.def
File: pdftex.def 2020/10/05 v1.2a Graphics/color driver for pdftex
))
\Gin@req@height=\dimen162
\Gin@req@width=\dimen163
)
(/usr/share/texmf/tex/latex/pgf/systemlayer/pgfsys.sty
(/usr/share/texmf/tex/latex/pgf/utilities/pgfrcs.sty
(/usr/share/texmf/tex/generic/pgf/utilities/pgfutil-common.tex
\pgfutil@everybye=\toks17
\pgfutil@tempdima=\dimen164
\pgfutil@tempdimb=\dimen165

(/usr/share/texmf/tex/generic/pgf/utilities/pgfutil-common-lists.tex))
(/usr/share/texmf/tex/generic/pgf/utilities/pgfutil-latex.def
\pgfutil@abb=\box56
)
(/usr/share/texmf/tex/generic/pgf/utilities/pgfrcs.code.tex
(/usr/share/texmf/tex/generic/pgf/pgf.revision.tex)
Package: pgfrcs 2020/12/27 v3.1.8b (3.1.8b)
))
(/usr/share/texmf/tex/generic/pgf/systemlayer/pgfsys.code.tex
Package: pgfsys 2020/12/27 v3.1.8b (3.1.8b)

(/usr/share/texmf/tex/generic/pgf/utilities/pgfkeys.code.tex
\pgfkeys@pathtoks=\toks18
\pgfkeys@temptoks=\toks19

(/usr/share/texmf/tex/generic/pgf/utilities/pgfkeysfiltered.code.tex
\pgfkeys@tmptoks=\toks20
))
\pgf@x=\dimen166
\pgf@y=\dimen167
\pgf@xa=\dimen168
\pgf@ya=\dimen169
\pgf@xb=\dimen170
\pgf@yb=\dimen171
\pgf@xc=\dimen172
\pgf@yc=\dimen173
\pgf@xd=\dimen174
\pgf@yd=\dimen175
\w@pgf@writea=\write3
\r@pgf@reada=\read2
\c@pgf@counta=\count273
\c@pgf@countb=\count274
\c@pgf@countc=\count275
\c@pgf@countd=\count276
\t@pgf@toka=\toks21
\t@pgf@tokb=\toks22
\t@pgf@tokc=\toks23
\pgf@sys@id@count=\count277

(/usr/share/texmf/tex/generic/pgf/systemlayer/pgf.cfg
File: pgf.cfg 2020/12/27 v3.1.8b (3.1.8b)
)
Driver file for pgf: pgfsys-pdftex.def

(/usr/share/texmf/tex/generic/pgf/systemlayer/pgfsys-pdftex.def
File: pgfsys-pdftex.def 2020/12/27 v3.1.8b (3.1.8b)

(/usr/share/texmf/tex/generic/pgf/systemlayer/pgfsys-common-pdf.def
File: pgfsys-common-pdf.def 2020/12/27 v3.1.8b (3.1.8b)
)))
(/usr/share/texmf/tex/generic/pgf/systemlayer/pgfsyssoftpath.code.tex
File: pgfsyssoftpath.code.tex 2020/12/27 v3.1.8b (3.1.8b)
\pgfsyssoftpath@smallbuffer@items=\count278
\pgfsyssoftpath@bigbuffer@items=\count279
)
(/usr/share/texmf/tex/generic/pgf/systemlayer/pgfsysprotocol.code.tex
File: pgfsysprotocol.code.tex 2020/12/27 v3.1.8b (3.1.8b)
))
(/usr/share/texmf/tex/latex/xcolor/xcolor.sty
Package: xcolor 2016/05/11 v2.12 LaTeX color extensions (UK)

(/usr/share/texmf/tex/latex/graphics-cfg/color.cfg
File: color.cfg 2016/01/02 v1.6 sample color configuration
)
Package xcolor Info: Driver file: pdftex.def on input line 225.
Package xcolor Info: Model `cmy' substituted by `cmy0' on input line 1348.
Package xcolor Info: Model `hsb' substituted by `rgb' on input line 1352.
Package xcolor Info: Model `RGB' extended on input line 1364.
Package xcolor Info: Model `HTML' substituted by `rgb' on input line 1366.
Package xcolor Info: Model `Hsb' substituted by `hsb' on input line 1367.
Package xcolor Info: Model `tHsb' substituted by `hsb' on input line 1368.
Package xcolor Info: Model `HSB' substituted by `hsb' on input line 1369.
Package xcolor Info: Model `Gray' substituted by `gray' on input line 1370.
Package xcolor Info: Model `wave' substituted by `hsb' on input line 1371.
)
(/usr/share/texmf/tex/generic/pgf/basiclayer/pgfcore.code.tex
Package: pgfcore 2020/12/27 v3.1.8b (3.1.8b)

(/usr/share/texmf/tex/generic/pgf/math/pgfmath.code.tex
(/usr/share/texmf/tex/generic/pgf/math/pgfmathcalc.code.tex
(/usr/share/texmf/tex/generic/pgf/math/pgfmathutil.code.tex)
(/usr/share/texmf/tex/generic/pgf/math/pgfmathparser.code.tex
\pgfmath@dimen=\dimen176
\pgfmath@count=\count280
\pgfmath@box=\box57
\pgfmath@toks=\toks24
\pgfmath@stack@operand=\toks25
\pgfmath@stack@operation=\toks26
)
(/usr/share/texmf/tex/generic/pgf/math/pgfmathfunctions.code.tex
(/usr/share/texmf/tex/generic/pgf/math/pgfmathfunctions.basic.code.tex)
(/usr/share/texmf/tex/generic/pgf/math/pgfmathfunctions.trigonometric.code.tex)
(/usr/share/texmf/tex/generic/pgf/math/pgfmathfunctions.random.code.tex)
(/usr/share/texmf/tex/generic/pgf/math/pgfmathfunctions.comparison.code.tex)
(/usr/share/texmf/tex/generic/pgf/math/pgfmathfunctions.base.code.tex)
(/usr/share/texmf/tex/generic/pgf/math/pgfmathfunctions.round.code.tex)
(/usr/share/texmf/tex/generic/pgf/math/pgfmathfunctions.misc.code.tex)
(/usr/share/texmf/tex/generic/pgf/math/pgfmathfunctions.integerarithmetics.code
.tex))) (/usr/share/texmf/tex/generic/pgf/math/pgfmathfloat.code.tex
\c@pgfmathroundto@lastzeros=\count281
))
(/usr/share/texmf/tex/generic/pgf/math/pgfint.code.tex)
(/usr/share/texmf/tex/generic/pgf/basiclayer/pgfcorepoints.code.tex
File: pgfcorepoints.code.tex 2020/12/27 v3.1.8b (3.1.8b)
\pgf@picminx=\dimen177
\pgf@picmaxx=\dimen178
\pgf@picminy=\dimen179
\pgf@picmaxy=\dimen180
\pgf@pathminx=\dimen181
\pgf@pathmaxx=\dimen182
\pgf@pathminy=\dimen183
\pgf@pathmaxy=\dimen184
\pgf@xx=\dimen185
\pgf@xy=\dimen186
\pgf@yx=\dimen187
\pgf@yy=\dimen188
\pgf@zx=\dimen189
\pgf@zy=\dimen190
)
(/usr/share/texmf/tex/generic/pgf/basiclayer/pgfcorepathconstruct.code.tex
File: pgfcorepathconstruct.code.tex 2020/12/27 v3.1.8b (3.1.8b)
\pgf@path@lastx=\dimen191
\pgf@path@lasty=\dimen192
)
(/usr/share/texmf/tex/generic/pgf/basiclayer/pgfcorepathusage.code.tex
File: pgfcorepathusage.code.tex 2020/12/27 v3.1.8b (3.1.8b)
\pgf@shorten@end@additional=\dimen193
\pgf@shorten@start@additional=\dimen194
)
(/usr/share/texmf/tex/generic/pgf/basiclayer/pgfcorescopes.code.tex
File: pgfcorescopes.code.tex 2020/12/27 v3.1.8b (3.1.8b)
\pgfpic=\box58
\pgf@hbox=\box59
\pgf@layerbox@main=\box60
\pgf@picture@serial@count=\count282
)
(/usr/share/texmf/tex/generic/pgf/basiclayer/pgfcoregraphicstate.code.tex
File: pgfcoregraphicstate.code.tex 2020/12/27 v3.1.8b (3.1.8b)
\pgflinewidth=\dimen195
)
(/usr/share/texmf/tex/generic/pgf/basiclayer/pgfcoretransformations.code.tex
File: pgfcoretransformations.code.tex 2020/12/27 v3.1.8b (3.1.8b)
\pgf@pt@x=\dimen196
\pgf@pt@y=\dimen197
\pgf@pt@temp=\dimen198
)
(/usr/share/texmf/tex/generic/pgf/basiclayer/pgfcorequick.code.tex
File: pgfcorequick.code.tex 2020/12/27 v3.1.8b (3.1.8b)
)
(/usr/share/texmf/tex/generic/pgf/basiclayer/pgfcoreobjects.code.tex
File: pgfcoreobjects.code.tex 2020/12/27 v3.1.8b (3.1.8b)
)
(/usr/share/texmf/tex/generic/pgf/basiclayer/pgfcorepathprocessing.code.tex
File: pgfcorepathprocessing.code.tex 2020/12/27 v3.1.8b (3.1.8b)
)
(/usr/share/texmf/tex/generic/pgf/basiclayer/pgfcorearrows.code.tex
File: pgfcorearrows.code.tex 2020/12/27 v3.1.8b (3.1.8b)
\pgfarrowsep=\dimen199
)
(/usr/share/texmf/tex/generic/pgf/basiclayer/pgfcoreshade.code.tex
File: pgfcoreshade.code.tex 2020/12/27 v3.1.8b (3.1.8b)
\pgf@max=\dimen256
\pgf@sys@shading@range@num=\count283
\pgf@shadingcount=\count284
)
(/usr/share/texmf/tex/generic/pgf/basiclayer/pgfcoreimage.code.tex
File: pgfcoreimage.code.tex 2020/12/27 v3.1.8b (3.1.8b)

(/usr/share/texmf/tex/generic/pgf/basiclayer/pgfcoreexternal.code.tex
File: pgfcoreexternal.code.tex 2020/12/27 v3.1.8b (3.1.8b)
\pgfexternal@startupbox=\box61
))
(/usr/share/texmf/tex/generic/pgf/basiclayer/pgfcorelayers.code.tex
File: pgfcorelayers.code.tex 2020/12/27 v3.1.8b (3.1.8b)
)
(/usr/share/texmf/tex/generic/pgf/basiclayer/pgfcoretransparency.code.tex
File: pgfcoretransparency.code.tex 2020/12/27 v3.1.8b (3.1.8b)
)
(/usr/share/texmf/tex/generic/pgf/basiclayer/pgfcorepatterns.code.tex
File: pgfcorepatterns.code.tex 2020/12/27 v3.1.8b (3.1.8b)
)
(/usr/share/texmf/tex/generic/pgf/basiclayer/pgfcorerdf.code.tex
File: pgfcorerdf.code.tex 2020/12/27 v3.1.8b (3.1.8b)
)))
(/usr/share/texmf/tex/latex/pgf/utilities/xxcolor.sty
Package: xxcolor 2003/10/24 ver 0.1
\XC@nummixins=\count285
\XC@countmixins=\count286
)
(/usr/share/texmf/tex/latex/base/atbegshi-ltx.sty
Package: atbegshi-ltx 2020/08/17 v1.0a Emulation of the original atbegshi packa
ge
with kernel methods
)
(/usr/share/texmf/tex/latex/hyperref/hyperref.sty
Package: hyperref 2021-02-27 v7.00k Hypertext links for LaTeX

(/usr/share/texmf/tex/generic/ltxcmds/ltxcmds.sty
Package: ltxcmds 2020-05-10 v1.25 LaTeX kernel commands for general use (HO)
)
(/usr/share/texmf/tex/generic/pdftexcmds/pdftexcmds.sty
Package: pdftexcmds 2020-06-27 v0.33 Utility functions of pdfTeX for LuaTeX (HO
)

(/usr/share/texmf/tex/generic/infwarerr/infwarerr.sty
Package: infwarerr 2019/12/03 v1.5 Providing info/warning/error messages (HO)
)
Package pdftexcmds Info: \pdf@primitive is available.
Package pdftexcmds Info: \pdf@ifprimitive is available.
Package pdftexcmds Info: \pdfdraftmode found.
)
(/usr/share/texmf/tex/generic/kvsetkeys/kvsetkeys.sty
Package: kvsetkeys 2019/12/15 v1.18 Key value parser (HO)
)
(/usr/share/texmf/tex/generic/kvdefinekeys/kvdefinekeys.sty
Package: kvdefinekeys 2019-12-19 v1.6 Define keys (HO)
)
(/usr/share/texmf/tex/generic/pdfescape/pdfescape.sty
Package: pdfescape 2019/12/09 v1.15 Implements pdfTeX's escape features (HO)
)
(/usr/share/texmf/tex/latex/hycolor/hycolor.sty
Package: hycolor 2020-01-27 v1.10 Color options for hyperref/bookmark (HO)
)
(/usr/share/texmf/tex/latex/letltxmacro/letltxmacro.sty
Package: letltxmacro 2019/12/03 v1.6 Let assignment for LaTeX macros (HO)
)
(/usr/share/texmf/tex/latex/auxhook/auxhook.sty
Package: auxhook 2019-12-17 v1.6 Hooks for auxiliary files (HO)
)
(/usr/share/texmf/tex/latex/kvoptions/kvoptions.sty
Package: kvoptions 2020-10-07 v3.14 Key value format for package options (HO)
)
\@linkdim=\dimen257
\Hy@linkcounter=\count287
\Hy@pagecounter=\count288

(/usr/share/texmf/tex/latex/hyperref/pd1enc.def
File: pd1enc.def 2021-02-27 v7.00k Hyperref: PDFDocEncoding definition (HO)
Now handling font encoding PD1 ...
... no UTF-8 mapping file for font encoding PD1
)
(/usr/share/texmf/tex/latex/hyperref/hyperref-langpatches.def
File: hyperref-langpatches.def 2021-02-27 v7.00k Hyperref: patches for babel la
nguages
)
(/usr/share/texmf/tex/generic/intcalc/intcalc.sty
Package: intcalc 2019/12/15 v1.3 Expandable calculations with integers (HO)
)
(/usr/share/texmf/tex/generic/etexcmds/etexcmds.sty
Package: etexcmds 2019/12/15 v1.7 Avoid name clashes with e-TeX commands (HO)
)
\Hy@SavedSpaceFactor=\count289

(/usr/share/texmf/tex/latex/hyperref/puenc.def
File: puenc.def 2021-02-27 v7.00k Hyperref: PDF Unicode definition (HO)
Now handling font encoding PU ...
... no UTF-8 mapping file for font encoding PU
)
Package hyperref Info: Option `bookmarks' set `true' on input line 4073.
Package hyperref Info: Option `bookmarksopen' set `true' on input line 4073.
Package hyperref Info: Option `implicit' set `false' on input line 4073.
Package hyperref Info: Hyper figures OFF on input line 4192.
Package hyperref Info: Link nesting OFF on input line 4197.
Package hyperref Info: Hyper index ON on input line 4200.
Package hyperref Info: Plain pages OFF on input line 4207.
Package hyperref Info: Backreferencing OFF on input line 4212.
Package hyperref Info: Implicit mode OFF; no redefinition of LaTeX internals.
Package hyperref Info: Bookmarks ON on input line 4445.
\c@Hy@tempcnt=\count290

(/usr/share/texmf/tex/latex/url/url.sty
\Urlmuskip=\muskip16
Package: url 2013/09/16  ver 3.4  Verb mode for urls, etc.
)
LaTeX Info: Redefining \url on input line 4804.
\XeTeXLinkMargin=\dimen258

(/usr/share/texmf/tex/generic/bitset/bitset.sty
Package: bitset 2019/12/09 v1.3 Handle bit-vector datatype (HO)

(/usr/share/texmf/tex/generic/bigintcalc/bigintcalc.sty
Package: bigintcalc 2019/12/15 v1.5 Expandable calculations on big integers (HO
)
))
\Fld@menulength=\count291
\Field@Width=\dimen259
\Fld@charsize=\dimen260
Package hyperref Info: Hyper figures OFF on input line 6075.
Package hyperref Info: Link nesting OFF on input line 6080.
Package hyperref Info: Hyper index ON on input line 6083.
Package hyperref Info: backreferencing OFF on input line 6090.
Package hyperref Info: Link coloring OFF on input line 6095.
Package hyperref Info: Link coloring with OCG OFF on input line 6100.
Package hyperref Info: PDF/A mode OFF on input line 6105.
LaTeX Info: Redefining \ref on input line 6145.
LaTeX Info: Redefining \pageref on input line 6149.
\Hy@abspage=\count292


Package hyperref Message: Stopped early.

)
Package hyperref Info: Driver (autodetected): hpdftex.
 (/usr/share/texmf/tex/latex/hyperref/hpdftex.def
File: hpdftex.def 2021-02-27 v7.00k Hyperref driver for pdfTeX

(/usr/share/texmf/tex/latex/base/atveryend-ltx.sty
Package: atveryend-ltx 2020/08/19 v1.0a Emulation of the original atvery packag
e
with kernel methods
)
\Fld@listcount=\count293
\c@bookmark@seq@number=\count294

(/usr/share/texmf/tex/latex/rerunfilecheck/rerunfilecheck.sty
Package: rerunfilecheck 2019/12/05 v1.9 Rerun checks for auxiliary files (HO)

(/usr/share/texmf/tex/generic/uniquecounter/uniquecounter.sty
Package: uniquecounter 2019/12/15 v1.4 Provide unlimited unique counter (HO)
)
Package uniquecounter Info: New unique counter `rerunfilecheck' on input line 2
86.
))
(/usr/share/texmf/tex/latex/beamer/beamerbaserequires.sty
(/usr/share/texmf/tex/latex/beamer/beamerbasecompatibility.sty)
(/usr/share/texmf/tex/latex/beamer/beamerbasefont.sty
(/usr/share/texmf/tex/latex/amsfonts/amssymb.sty
Package: amssymb 2013/01/14 v3.01 AMS font symbols

(/usr/share/texmf/tex/latex/amsfonts/amsfonts.sty
Package: amsfonts 2013/01/14 v3.01 Basic AMSFonts support
\@emptytoks=\toks27
\symAMSa=\mathgroup4
\symAMSb=\mathgroup5
LaTeX Font Info:    Redeclaring math symbol \hbar on input line 98.
LaTeX Font Info:    Overwriting math alphabet `\mathfrak' in version `bold'
(Font)                  U/euf/m/n --> U/euf/b/n on input line 106.
))
(/usr/share/texmf/tex/latex/sansmathaccent/sansmathaccent.sty
Package: sansmathaccent 2020/01/31

(/usr/share/texmf/tex/latex/koma-script/scrlfile.sty
Package: scrlfile 2021/03/17 v3.33 KOMA-Script package (file load hooks)

(/usr/share/texmf/tex/latex/koma-script/scrlfile-hook.sty
Package: scrlfile-hook 2021/03/17 v3.33 KOMA-Script package (using LaTeX hooks)


LaTeX3 Info: Defining command \BeforeFile with sig. 'm' on line 61.


LaTeX3 Info: Defining command \AfterFile with sig. 'm' on line 65.


LaTeX3 Info: Defining command \BeforeClass with sig. 'm' on line 69.


LaTeX3 Info: Defining command \BeforePackage with sig. 'm' on line 73.


LaTeX3 Info: Defining command \AfterAtEndOfClass with sig. 'smo+m' on line 83.


LaTeX3 Info: Defining command \AfterAtEndOfPackage with sig. 'smo+m' on line
(LaTeX3)     93.


LaTeX3 Info: Defining command \scrlfile@AfterClass with sig. 'smo+m' on line
(LaTeX3)     173.


LaTeX3 Info: Defining command \AfterClass with sig. '' on line 174.


LaTeX3 Info: Defining command \scrlfile@AfterPackage with sig. 'smo+m' on line
(LaTeX3)     191.


LaTeX3 Info: Defining command \AfterPackage with sig. '' on line 192.


LaTeX3 Info: Defining command \ReplaceInput with sig. '' on line 193.


LaTeX3 Info: Defining command \ReplaceClass with sig. 'mm' on line 196.


LaTeX3 Info: Defining command \ReplacePackage with sig. 'mm' on line 199.


LaTeX3 Info: Defining command \UnReplaceInput with sig. '' on line 200.


LaTeX3 Info: Defining command \UnReplaceClass with sig. 'm' on line 203.


LaTeX3 Info: Defining command \UnReplacePackage with sig. 'mm' on line 206.


LaTeX3 Info: Defining command \PreventPackageFromLoading with sig. 's+om' on
(LaTeX3)     line 234.


LaTeX3 Info: Defining command \StorePreventPackageFromLoading with sig. 'm' on
(LaTeX3)     line 242.


LaTeX3 Info: Defining command \ResetPreventPackageFromLoading with sig. '' on
(LaTeX3)     line 247.


LaTeX3 Info: Defining command \UnPreventPackageFromLoading with sig. 'sm' on
(LaTeX3)     line 261.


LaTeX3 Info: Defining command \BeforeClosingMainAux with sig. 'om' on line
(LaTeX3)     274.


LaTeX3 Info: Defining command \AfterReadingMainAux with sig. 'om' on line 287.


LaTeX3 Info: Defining command \protected@immediate@write with sig. 'm+m+m' on
(LaTeX3)     line 298.


(/usr/share/texmf/tex/latex/koma-script/scrlogo.sty
Package: scrlogo 2021/03/17 v3.33 KOMA-Script package (logo)
)))))
(/usr/share/texmf/tex/latex/beamer/beamerbasetranslator.sty
(/usr/share/texmf/tex/latex/translator/translator.sty
Package: translator 2020-08-03 v1.12c Easy translation of strings in LaTeX
))
(/usr/share/texmf/tex/latex/beamer/beamerbasemisc.sty)
(/usr/share/texmf/tex/latex/beamer/beamerbasetwoscreens.sty)
(/usr/share/texmf/tex/latex/beamer/beamerbaseoverlay.sty
\beamer@argscount=\count295
\beamer@lastskipcover=\skip50
\beamer@trivlistdepth=\count296
)
(/usr/share/texmf/tex/latex/beamer/beamerbasetitle.sty)
(/usr/share/texmf/tex/latex/beamer/beamerbasesection.sty
\c@lecture=\count297
\c@part=\count298
\c@section=\count299
\c@subsection=\count300
\c@subsubsection=\count301
)
(/usr/share/texmf/tex/latex/beamer/beamerbaseframe.sty
\beamer@framebox=\box62
\beamer@frametitlebox=\box63
\beamer@zoombox=\box64
\beamer@zoomcount=\count302
\beamer@zoomframecount=\count303
\beamer@frametextheight=\dimen261
\c@subsectionslide=\count304
\beamer@frametopskip=\skip51
\beamer@framebottomskip=\skip52
\beamer@frametopskipautobreak=\skip53
\beamer@framebottomskipautobreak=\skip54
\beamer@envbody=\toks28
\framewidth=\dimen262
\c@framenumber=\count305
)
(/usr/share/texmf/tex/latex/beamer/beamerbaseverbatim.sty
\beamer@verbatimfileout=\write4
)
(/usr/share/texmf/tex/latex/beamer/beamerbaseframesize.sty
\beamer@splitbox=\box65
\beamer@autobreakcount=\count306
\beamer@autobreaklastheight=\dimen263
\beamer@frametitletoks=\toks29
\beamer@framesubtitletoks=\toks30
)
(/usr/share/texmf/tex/latex/beamer/beamerbaseframecomponents.sty
\beamer@footins=\box66
)
(/usr/share/texmf/tex/latex/beamer/beamerbasecolor.sty)
(/usr/share/texmf/tex/latex/beamer/beamerbasenotes.sty
\beamer@frameboxcopy=\box67
)
(/usr/share/texmf/tex/latex/beamer/beamerbasetoc.sty)
(/usr/share/texmf/tex/latex/beamer/beamerbasetemplates.sty
\beamer@sbttoks=\toks31

(/usr/share/texmf/tex/latex/beamer/beamerbaseauxtemplates.sty
(/usr/share/texmf/tex/latex/beamer/beamerbaseboxes.sty
\bmb@box=\box68
\bmb@colorbox=\box69
\bmb@boxwidth=\dimen264
\bmb@boxheight=\dimen265
\bmb@prevheight=\dimen266
\bmb@temp=\dimen267
\bmb@dima=\dimen268
\bmb@dimb=\dimen269
\bmb@prevheight=\dimen270
)
\beamer@blockheadheight=\dimen271
))
(/usr/share/texmf/tex/latex/beamer/beamerbaselocalstructure.sty
(/usr/share/texmf/tex/latex/tools/enumerate.sty
Package: enumerate 2015/07/23 v3.00 enumerate extensions (DPC)
\@enLab=\toks32
)
\beamer@bibiconwidth=\skip55
\c@figure=\count307
\c@table=\count308
\abovecaptionskip=\skip56
\belowcaptionskip=\skip57
)
(/usr/share/texmf/tex/latex/beamer/beamerbasenavigation.sty
\beamer@section@min@dim=\dimen272
)
(/usr/share/texmf/tex/latex/beamer/beamerbasetheorems.sty
(/usr/share/texmf/tex/latex/amsmath/amsmath.sty
Package: amsmath 2020/09/23 v2.17i AMS math features
\@mathmargin=\skip58

For additional information on amsmath, use the `?' option.
(/usr/share/texmf/tex/latex/amsmath/amstext.sty
Package: amstext 2000/06/29 v2.01 AMS text

(/usr/share/texmf/tex/latex/amsmath/amsgen.sty
File: amsgen.sty 1999/11/30 v2.0 generic functions
\@emptytoks=\toks33
\ex@=\dimen273
))
(/usr/share/texmf/tex/latex/amsmath/amsbsy.sty
Package: amsbsy 1999/11/29 v1.2d Bold Symbols
\pmbraise@=\dimen274
)
(/usr/share/texmf/tex/latex/amsmath/amsopn.sty
Package: amsopn 2016/03/08 v2.02 operator names
)
\inf@bad=\count309
LaTeX Info: Redefining \frac on input line 234.
\uproot@=\count310
\leftroot@=\count311
LaTeX Info: Redefining \overline on input line 399.
\classnum@=\count312
\DOTSCASE@=\count313
LaTeX Info: Redefining \ldots on input line 496.
LaTeX Info: Redefining \dots on input line 499.
LaTeX Info: Redefining \cdots on input line 620.
\Mathstrutbox@=\box70
\strutbox@=\box71
\big@size=\dimen275
LaTeX Font Info:    Redeclaring font encoding OML on input line 743.
LaTeX Font Info:    Redeclaring font encoding OMS on input line 744.
\macc@depth=\count314
\c@MaxMatrixCols=\count315
\dotsspace@=\muskip17
\c@parentequation=\count316
\dspbrk@lvl=\count317
\tag@help=\toks34
\row@=\count318
\column@=\count319
\maxfields@=\count320
\andhelp@=\toks35
\eqnshift@=\dimen276
\alignsep@=\dimen277
\tagshift@=\dimen278
\tagwidth@=\dimen279
\totwidth@=\dimen280
\lineht@=\dimen281
\@envbody=\toks36
\multlinegap=\skip59
\multlinetaggap=\skip60
\mathdisplay@stack=\toks37
LaTeX Info: Redefining \[ on input line 2923.
LaTeX Info: Redefining \] on input line 2924.
)
(/usr/share/texmf/tex/latex/amscls/amsthm.sty
Package: amsthm 2020/05/29 v2.20.6
\thm@style=\toks38
\thm@bodyfont=\toks39
\thm@headfont=\toks40
\thm@notefont=\toks41
\thm@headpunct=\toks42
\thm@preskip=\skip61
\thm@postskip=\skip62
\thm@headsep=\skip63
\dth@everypar=\toks43
)
\c@theorem=\count321
)
(/usr/share/texmf/tex/latex/beamer/beamerbasethemes.sty))
(/usr/share/texmf/tex/latex/beamer/beamerthemedefault.sty
(/usr/share/texmf/tex/latex/beamer/beamerfontthemedefault.sty)
(/usr/share/texmf/tex/latex/beamer/beamercolorthemedefault.sty)
(/usr/share/texmf/tex/latex/beamer/beamerinnerthemedefault.sty
\beamer@dima=\dimen282
\beamer@dimb=\dimen283
)
(/usr/share/texmf/tex/latex/beamer/beamerouterthemedefault.sty))) (./header.tex
(/usr/share/texmf/tex/latex/accents/accents.sty
Package: accents 2006/05/12 v1.4 Math Accent Tools
\cc@skew=\dimen284
\cc@wd=\dimen285
\cc@code=\count322
\cc@group=\count323
\cc@skewchar=\count324
)
(/usr/share/texmf/tex/latex/hyphenat/hyphenat.sty
Package: hyphenat 2009/09/02 v2.3c hyphenation utilities
\langwohyphens=\language61
LaTeX Info: Redefining \_ on input line 43.
)
(/usr/share/texmf/tex/latex/multirow/multirow.sty
Package: multirow 2021/03/15 v2.8 Span multiple rows of a table
\multirow@colwidth=\skip64
\multirow@cntb=\count325
\multirow@dima=\skip65
\bigstrutjot=\dimen286
)
(/usr/share/texmf/tex/latex/animate/animate.sty
Package: animate 2020/10/07 PDF & SVG animations from files and inline graphics


(/usr/share/texmf/tex/latex/xkeyval/xkeyval.sty
Package: xkeyval 2020/11/20 v2.8 package option processing (HA)

(/usr/share/texmf/tex/generic/xkeyval/xkeyval.tex
(/usr/share/texmf/tex/generic/xkeyval/xkvutils.tex
\XKV@toks=\toks44
\XKV@tempa@toks=\toks45
)
\XKV@depth=\count326
File: xkeyval.tex 2014/12/03 v2.7a key=value parser (HA)
))
(/usr/share/texmf/tex/latex/base/ifthen.sty
Package: ifthen 2014/09/29 v1.1c Standard LaTeX ifthen package (DPC)
)
(/usr/share/texmf/tex/latex/oberdiek/ifdraft.sty
Package: ifdraft 2016/05/16 v1.4 Detect class options draft and final (HO)
)
(/usr/share/texmf/tex/latex/tools/calc.sty
Package: calc 2017/05/25 v4.3 Infix arithmetic (KKT,FJ)
\calc@Acount=\count327
\calc@Bcount=\count328
\calc@Adimen=\dimen287
\calc@Bdimen=\dimen288
\calc@Askip=\skip66
\calc@Bskip=\skip67
LaTeX Info: Redefining \setlength on input line 80.
LaTeX Info: Redefining \addtolength on input line 81.
\calc@Ccount=\count329
\calc@Cskip=\skip68
)
(/usr/share/texmf/tex/latex/zref/zref-abspage.sty
Package: zref-abspage 2020-07-03 v2.32 Module abspage for zref (HO)

(/usr/share/texmf/tex/latex/zref/zref-base.sty
Package: zref-base 2020-07-03 v2.32 Module base for zref (HO)
Package zref Info: New property list: main on input line 764.
Package zref Info: New property: default on input line 765.
Package zref Info: New property: page on input line 766.
)
\c@abspage=\count330
Package zref Info: New property: abspage on input line 66.
)
(/usr/share/texmf/tex/latex/media9/pdfbase.sty
(/usr/share/texmf/tex/latex/l3packages/l3keys2e/l3keys2e.sty
(/usr/share/texmf/tex/latex/l3kernel/expl3.sty
Package: expl3 2021-02-18 L3 programming layer (loader) 

(/usr/share/texmf/tex/latex/l3backend/l3backend-pdftex.def
File: l3backend-pdftex.def 2021-03-18 L3 backend support: PDF output (pdfTeX)
\l__color_backend_stack_int=\count331
\l__pdf_internal_box=\box72
))
Package: l3keys2e 2021-03-12 LaTeX2e option processing using LaTeX3 keys
)
Package: pdfbase 2021/03/01 v0.46 driver independent access to low-level PDF fe
atures
\g_pbs_page_int=\count332
\g_pbs_oc_int=\count333
)
(/usr/share/texmf/tex/latex/ocgx2/ocgbase.sty
Package: ocgbase 2021/01/25 v0.18 support package for ocgx2.sty
\g_ocgbase_nd_int=\count334
)
\@anim@box=\box73
\@anim@measbox=\box74
\@anim@tmpdima=\dimen289
\@anim@tmpdimb=\dimen290
\@anim@num=\count335
\@anim@curframe=\count336
\@anim@curframe@zb=\count337
\@anim@resizeflags=\count338
\@anim@skipfram=\count339
\@anim@mulframecnt=\count340
\@anim@@tmlnfile=\read3
\@anim@tmpcnt=\count341
\c@@anim@ltxcnt=\count342
\@anim@curlayer=\count343
\@anim@lineno=\count344
\@anim@curfield=\count345
\@anim@@resizeflags=\count346
)
(/usr/share/texmf/tex/latex/beamertheme-metropolis/beamerthememetropolis.sty
Package: beamerthememetropolis 2017/01/23 v1.2 Metropolis Beamer theme

(/usr/share/texmf/tex/latex/pgfopts/pgfopts.sty
Package: pgfopts 2014/07/10 v2.1a LaTeX package options with pgfkeys

(/usr/share/texmf/tex/latex/pgf/utilities/pgfkeys.sty
(/usr/share/texmf/tex/generic/pgf/utilities/pgfkeys.code.tex))
\pgfopts@list@add@a@toks=\toks46
\pgfopts@list@add@b@toks=\toks47
)
(/usr/share/texmf/tex/latex/beamertheme-metropolis/beamerinnerthememetropolis.s
ty
Package: beamerinnerthememetropolis 2017/01/23 Metropolis inner theme
 (/usr/share/texmf/tex/latex/pgf/frontendlayer/tikz.sty
(/usr/share/texmf/tex/latex/pgf/basiclayer/pgf.sty
Package: pgf 2020/12/27 v3.1.8b (3.1.8b)

(/usr/share/texmf/tex/generic/pgf/modules/pgfmoduleshapes.code.tex
File: pgfmoduleshapes.code.tex 2020/12/27 v3.1.8b (3.1.8b)
\pgfnodeparttextbox=\box75
)
(/usr/share/texmf/tex/generic/pgf/modules/pgfmoduleplot.code.tex
File: pgfmoduleplot.code.tex 2020/12/27 v3.1.8b (3.1.8b)
)
(/usr/share/texmf/tex/latex/pgf/compatibility/pgfcomp-version-0-65.sty
Package: pgfcomp-version-0-65 2020/12/27 v3.1.8b (3.1.8b)
\pgf@nodesepstart=\dimen291
\pgf@nodesepend=\dimen292
)
(/usr/share/texmf/tex/latex/pgf/compatibility/pgfcomp-version-1-18.sty
Package: pgfcomp-version-1-18 2020/12/27 v3.1.8b (3.1.8b)
))
(/usr/share/texmf/tex/latex/pgf/utilities/pgffor.sty
(/usr/share/texmf/tex/latex/pgf/math/pgfmath.sty
(/usr/share/texmf/tex/generic/pgf/math/pgfmath.code.tex))
(/usr/share/texmf/tex/generic/pgf/utilities/pgffor.code.tex
Package: pgffor 2020/12/27 v3.1.8b (3.1.8b)

(/usr/share/texmf/tex/generic/pgf/math/pgfmath.code.tex)
\pgffor@iter=\dimen293
\pgffor@skip=\dimen294
\pgffor@stack=\toks48
\pgffor@toks=\toks49
))
(/usr/share/texmf/tex/generic/pgf/frontendlayer/tikz/tikz.code.tex
Package: tikz 2020/12/27 v3.1.8b (3.1.8b)

(/usr/share/texmf/tex/generic/pgf/libraries/pgflibraryplothandlers.code.tex
File: pgflibraryplothandlers.code.tex 2020/12/27 v3.1.8b (3.1.8b)
\pgf@plot@mark@count=\count347
\pgfplotmarksize=\dimen295
)
\tikz@lastx=\dimen296
\tikz@lasty=\dimen297
\tikz@lastxsaved=\dimen298
\tikz@lastysaved=\dimen299
\tikz@lastmovetox=\dimen300
\tikz@lastmovetoy=\dimen301
\tikzleveldistance=\dimen302
\tikzsiblingdistance=\dimen303
\tikz@figbox=\box76
\tikz@figbox@bg=\box77
\tikz@tempbox=\box78
\tikz@tempbox@bg=\box79
\tikztreelevel=\count348
\tikznumberofchildren=\count349
\tikznumberofcurrentchild=\count350
\tikz@fig@count=\count351

(/usr/share/texmf/tex/generic/pgf/modules/pgfmodulematrix.code.tex
File: pgfmodulematrix.code.tex 2020/12/27 v3.1.8b (3.1.8b)
\pgfmatrixcurrentrow=\count352
\pgfmatrixcurrentcolumn=\count353
\pgf@matrix@numberofcolumns=\count354
)
\tikz@expandcount=\count355

(/usr/share/texmf/tex/generic/pgf/frontendlayer/tikz/libraries/tikzlibrarytopat
hs.code.tex
File: tikzlibrarytopaths.code.tex 2020/12/27 v3.1.8b (3.1.8b)
)))
\metropolis@titleseparator@linewidth=\skip69
\metropolis@progressonsectionpage=\skip70
\metropolis@progressonsectionpage@linewidth=\skip71
\metropolis@blocksep=\skip72
\metropolis@blockadjust=\skip73
\metropolis@parskip=\skip74
)
(/usr/share/texmf/tex/latex/beamertheme-metropolis/beamerouterthememetropolis.s
ty
Package: beamerouterthememetropolis 2017/01/23 Metropolis outer theme
\metropolis@frametitle@padding=\skip75
\metropolis@progressinheadfoot=\skip76
\metropolis@progressinheadfoot@linewidth=\skip77
)
(/usr/share/texmf/tex/latex/beamertheme-metropolis/beamercolorthememetropolis.s
ty
Package: beamercolorthememetropolis 2017/01/23 Metropolis color theme
)
(/usr/share/texmf/tex/latex/beamertheme-metropolis/beamerfontthememetropolis.st
y
Package: beamerfontthememetropolis 2017/01/23 Metropolis font theme
 (/usr/share/texmf/tex/generic/iftex/ifxetex.sty
Package: ifxetex 2019/10/25 v0.7 ifxetex legacy package. Use iftex instead.
)
(/usr/share/texmf/tex/generic/iftex/ifluatex.sty
Package: ifluatex 2019/10/25 v1.5 ifluatex legacy package. Use iftex instead.
)

Package beamerthememetropolis Warning: You need to compile with XeLaTeX or LuaL
aTeX to use the Fira fonts on input line 95.

)) (/usr/share/texmf/tex/latex/appendixnumberbeamer/appendixnumberbeamer.sty)
(/usr/share/texmf/tex/latex/beamer/beamerfontthemeserif.sty)
(/usr/share/texmf/tex/latex/booktabs/booktabs.sty
Package: booktabs 2020/01/12 v1.61803398 Publication quality tables
\heavyrulewidth=\dimen304
\lightrulewidth=\dimen305
\cmidrulewidth=\dimen306
\belowrulesep=\dimen307
\belowbottomsep=\dimen308
\aboverulesep=\dimen309
\abovetopsep=\dimen310
\cmidrulesep=\dimen311
\cmidrulekern=\dimen312
\defaultaddspace=\dimen313
\@cmidla=\count356
\@cmidlb=\count357
\@aboverulesep=\dimen314
\@belowrulesep=\dimen315
\@thisruleclass=\count358
\@lastruleclass=\count359
\@thisrulewidth=\dimen316
)
(/usr/share/texmf/tex/latex/ccicons/ccicons.sty
Package: ccicons 2017/10/30 v1.6 LaTeX support for Creative Commons icons
)
(/usr/share/texmf/tex/generic/soul/soul.sty
Package: soul 2003/11/17 v2.4 letterspacing/underlining (mf)
\SOUL@word=\toks50
\SOUL@lasttoken=\toks51
\SOUL@cmds=\toks52
\SOUL@buffer=\toks53
\SOUL@token=\toks54
\SOUL@spaceskip=\skip78
\SOUL@ttwidth=\dimen317
\SOUL@uldp=\dimen318
\SOUL@ulht=\dimen319
)
(/usr/share/texmf/tex/latex/pgfplots/pgfplots.sty
(/usr/share/texmf/tex/generic/pgfplots/pgfplots.revision.tex)
Package: pgfplots 2020/02/29 v1.17 Data Visualization (1.17)

(/usr/share/texmf/tex/generic/pgfplots/pgfplots.code.tex
(/usr/share/texmf/tex/generic/pgfplots/pgfplotscore.code.tex
\t@pgfplots@toka=\toks55
\t@pgfplots@tokb=\toks56
\t@pgfplots@tokc=\toks57
\pgfplots@tmpa=\dimen320
\c@pgfplots@coordindex=\count360
\c@pgfplots@scanlineindex=\count361

(/usr/share/texmf/tex/generic/pgfplots/sys/pgfplotssysgeneric.code.tex))
(/usr/share/texmf/tex/generic/pgfplots/libs/pgfplotslibrary.code.tex)
(/usr/share/texmf/tex/generic/pgfplots/oldpgfcompatib/pgfplotsoldpgfsupp_loader
.code.tex (/usr/share/texmf/tex/generic/pgf/libraries/pgflibraryfpu.code.tex))
(/usr/share/texmf/tex/generic/pgfplots/util/pgfplotsutil.code.tex
(/usr/share/texmf/tex/generic/pgfplots/liststructure/pgfplotsliststructure.code
.tex)
(/usr/share/texmf/tex/generic/pgfplots/liststructure/pgfplotsliststructureext.c
ode.tex)
(/usr/share/texmf/tex/generic/pgfplots/liststructure/pgfplotsarray.code.tex
\c@pgfplotsarray@tmp=\count362
)
(/usr/share/texmf/tex/generic/pgfplots/liststructure/pgfplotsmatrix.code.tex)
(/usr/share/texmf/tex/generic/pgfplots/numtable/pgfplotstableshared.code.tex
\c@pgfplotstable@counta=\count363
\t@pgfplotstable@a=\toks58
)
(/usr/share/texmf/tex/generic/pgfplots/liststructure/pgfplotsdeque.code.tex)
(/usr/share/texmf/tex/generic/pgfplots/util/pgfplotsbinary.code.tex
(/usr/share/texmf/tex/generic/pgfplots/util/pgfplotsbinary.data.code.tex))
(/usr/share/texmf/tex/generic/pgfplots/util/pgfplotsutil.verb.code.tex)
(/usr/share/texmf/tex/generic/pgfplots/libs/pgflibrarypgfplots.surfshading.code
.tex
\c@pgfplotslibrarysurf@no=\count364

(/usr/share/texmf/tex/generic/pgfplots/sys/pgflibrarypgfplots.surfshading.pgfsy
s-pdftex.def)))
(/usr/share/texmf/tex/generic/pgfplots/util/pgfplotscolormap.code.tex
(/usr/share/texmf/tex/generic/pgfplots/util/pgfplotscolor.code.tex))
(/usr/share/texmf/tex/generic/pgfplots/pgfplotsstackedplots.code.tex)
(/usr/share/texmf/tex/generic/pgfplots/pgfplotsplothandlers.code.tex
(/usr/share/texmf/tex/generic/pgfplots/pgfplotsmeshplothandler.code.tex
(/usr/share/texmf/tex/generic/pgfplots/pgfplotsmeshplotimage.code.tex)))
(/usr/share/texmf/tex/generic/pgfplots/pgfplots.scaling.code.tex)
(/usr/share/texmf/tex/generic/pgfplots/pgfplotscoordprocessing.code.tex)
(/usr/share/texmf/tex/generic/pgfplots/pgfplots.errorbars.code.tex)
(/usr/share/texmf/tex/generic/pgfplots/pgfplots.markers.code.tex)
(/usr/share/texmf/tex/generic/pgfplots/pgfplotsticks.code.tex)
(/usr/share/texmf/tex/generic/pgfplots/pgfplots.paths.code.tex)
(/usr/share/texmf/tex/generic/pgf/frontendlayer/tikz/libraries/tikzlibrarydecor
ations.code.tex
(/usr/share/texmf/tex/generic/pgf/modules/pgfmoduledecorations.code.tex
\pgfdecoratedcompleteddistance=\dimen321
\pgfdecoratedremainingdistance=\dimen322
\pgfdecoratedinputsegmentcompleteddistance=\dimen323
\pgfdecoratedinputsegmentremainingdistance=\dimen324
\pgf@decorate@distancetomove=\dimen325
\pgf@decorate@repeatstate=\count365
\pgfdecorationsegmentamplitude=\dimen326
\pgfdecorationsegmentlength=\dimen327
)
\tikz@lib@dec@box=\box80
)
(/usr/share/texmf/tex/generic/pgf/frontendlayer/tikz/libraries/tikzlibrarydecor
ations.pathmorphing.code.tex
(/usr/share/texmf/tex/generic/pgf/libraries/decorations/pgflibrarydecorations.p
athmorphing.code.tex))
(/usr/share/texmf/tex/generic/pgf/frontendlayer/tikz/libraries/tikzlibrarydecor
ations.pathreplacing.code.tex
(/usr/share/texmf/tex/generic/pgf/libraries/decorations/pgflibrarydecorations.p
athreplacing.code.tex))
\pgfplots@numplots=\count366
\pgfplots@xmin@reg=\dimen328
\pgfplots@xmax@reg=\dimen329
\pgfplots@ymin@reg=\dimen330
\pgfplots@ymax@reg=\dimen331
\pgfplots@zmin@reg=\dimen332
\pgfplots@zmax@reg=\dimen333
)
(/usr/share/texmf/tex/generic/pgf/frontendlayer/tikz/libraries/tikzlibraryplotm
arks.code.tex
File: tikzlibraryplotmarks.code.tex 2020/12/27 v3.1.8b (3.1.8b)

(/usr/share/texmf/tex/generic/pgf/libraries/pgflibraryplotmarks.code.tex
File: pgflibraryplotmarks.code.tex 2020/12/27 v3.1.8b (3.1.8b)
)))
(/usr/share/texmf/tex/generic/pgfplots/libs/tikzlibrarypgfplots.dateplot.code.t
ex (/usr/share/texmf/tex/latex/pgf/utilities/pgfcalendar.sty
(/usr/share/texmf/tex/generic/pgf/utilities/pgfcalendar.code.tex
File: pgfcalendar.code.tex 2020/12/27 v3.1.8b (3.1.8b)

(/usr/share/texmf/tex/generic/pgf/math/pgfint.code.tex)
\pgfcalendarcurrentjulian=\count367
\pgf@cal@easter@Y=\count368
\pgf@cal@easter@G=\count369
\pgf@cal@easter@C=\count370
\pgf@cal@easter@X=\count371
\pgf@cal@easter@Z=\count372
\pgf@cal@easter@D=\count373
\pgf@cal@easter@E=\count374
\pgf@cal@easter@N=\count375
\pgf@cal@easter@M=\count376
\pgf@cal@easter@julianday=\count377
)))
(/usr/share/texmf/tex/latex/tools/xspace.sty
Package: xspace 2014/10/28 v1.13 Space after command names (DPC,MH)
)
(/usr/share/texmf/tex/generic/pgf/frontendlayer/tikz/libraries/tikzlibrarysnake
s.code.tex
File: tikzlibrarysnakes.code.tex 2020/12/27 v3.1.8b (3.1.8b)


Package pgf Warning: Snakes have been superseded by decorations. Please use the
 decoration libraries instead of the snakes library on input line 14.


(/usr/share/texmf/tex/generic/pgf/frontendlayer/tikz/libraries/tikzlibrarydecor
ations.shapes.code.tex
(/usr/share/texmf/tex/generic/pgf/libraries/decorations/pgflibrarydecorations.s
hapes.code.tex)))
(/usr/share/texmf/tex/generic/pgf/frontendlayer/tikz/libraries/tikzlibraryarrow
s.code.tex
File: tikzlibraryarrows.code.tex 2020/12/27 v3.1.8b (3.1.8b)

(/usr/share/texmf/tex/generic/pgf/libraries/pgflibraryarrows.code.tex
File: pgflibraryarrows.code.tex 2020/12/27 v3.1.8b (3.1.8b)
\arrowsize=\dimen334
))
(/usr/share/texmf/tex/generic/pgf/frontendlayer/tikz/libraries/tikzlibrarymindm
ap.code.tex
File: tikzlibrarymindmap.code.tex 2020/12/27 v3.1.8b (3.1.8b)

(/usr/share/texmf/tex/generic/pgf/frontendlayer/tikz/libraries/tikzlibrarytrees
.code.tex
File: tikzlibrarytrees.code.tex 2020/12/27 v3.1.8b (3.1.8b)
))
(/usr/share/texmf/tex/generic/pgf/frontendlayer/tikz/libraries/tikzlibrarybackg
rounds.code.tex
File: tikzlibrarybackgrounds.code.tex 2020/12/27 v3.1.8b (3.1.8b)
\pgf@layerbox@background=\box81
\pgf@layerboxsaved@background=\box82
)
(/usr/share/texmf/tex/generic/pgf/frontendlayer/tikz/libraries/tikzlibraryshape
s.geometric.code.tex
File: tikzlibraryshapes.geometric.code.tex 2020/12/27 v3.1.8b (3.1.8b)

(/usr/share/texmf/tex/generic/pgf/libraries/shapes/pgflibraryshapes.geometric.c
ode.tex
File: pgflibraryshapes.geometric.code.tex 2020/12/27 v3.1.8b (3.1.8b)
))
(/usr/share/texmf/tex/generic/pgf/frontendlayer/tikz/libraries/tikzlibrarycalc.
code.tex
File: tikzlibrarycalc.code.tex 2020/12/27 v3.1.8b (3.1.8b)
)
\bbw=\skip79
\bbh=\skip80
)
(/usr/share/texmf/tex/latex/beamertheme-metropolis/pgfplotsthemetol.sty
Package: pgfplotsthemetol 2017/01/23 PGFplots colors based on Paul Tol's SRON t
echnical note
)
(./talk.aux)
\openout1 = `talk.aux'.

LaTeX Font Info:    Checking defaults for OML/cmm/m/it on input line 10.
LaTeX Font Info:    ... okay on input line 10.
LaTeX Font Info:    Checking defaults for OMS/cmsy/m/n on input line 10.
LaTeX Font Info:    ... okay on input line 10.
LaTeX Font Info:    Checking defaults for OT1/cmr/m/n on input line 10.
LaTeX Font Info:    ... okay on input line 10.
LaTeX Font Info:    Checking defaults for T1/cmr/m/n on input line 10.
LaTeX Font Info:    ... okay on input line 10.
LaTeX Font Info:    Checking defaults for TS1/cmr/m/n on input line 10.
LaTeX Font Info:    ... okay on input line 10.
LaTeX Font Info:    Checking defaults for OMX/cmex/m/n on input line 10.
LaTeX Font Info:    ... okay on input line 10.
LaTeX Font Info:    Checking defaults for U/cmr/m/n on input line 10.
LaTeX Font Info:    ... okay on input line 10.
LaTeX Font Info:    Checking defaults for PD1/pdf/m/n on input line 10.
LaTeX Font Info:    ... okay on input line 10.
LaTeX Font Info:    Checking defaults for PU/pdf/m/n on input line 10.
LaTeX Font Info:    ... okay on input line 10.

*geometry* driver: auto-detecting
*geometry* detected driver: pdftex
*geometry* verbose mode - [ preamble ] result:
* driver: pdftex
* paper: custom
* layout: <same size as paper>
* layoutoffset:(h,v)=(0.0pt,0.0pt)
* modes: includehead includefoot 
* h-part:(L,W,R)=(28.45274pt, 307.28987pt, 28.45274pt)
* v-part:(T,H,B)=(0.0pt, 273.14662pt, 0.0pt)
* \paperwidth=364.19536pt
* \paperheight=273.14662pt
* \textwidth=307.28987pt
* \textheight=244.6939pt
* \oddsidemargin=-43.81725pt
* \evensidemargin=-43.81725pt
* \topmargin=-72.26999pt
* \headheight=14.22636pt
* \headsep=0.0pt
* \topskip=10.0pt
* \footskip=14.22636pt
* \marginparwidth=3.0pt
* \marginparsep=11.0pt
* \columnsep=10.0pt
* \skip\footins=9.0pt plus 4.0pt minus 2.0pt
* \hoffset=0.0pt
* \voffset=0.0pt
* \mag=1000
* \@twocolumnfalse
* \@twosidefalse
* \@mparswitchfalse
* \@reversemarginfalse
* (1in=72.27pt=25.4mm, 1cm=28.453pt)

(/usr/share/texmf/tex/context/base/mkii/supp-pdf.mkii
[Loading MPS to PDF converter (version 2006.09.02).]
\scratchcounter=\count378
\scratchdimen=\dimen335
\scratchbox=\box83
\nofMPsegments=\count379
\nofMParguments=\count380
\everyMPshowfont=\toks59
\MPscratchCnt=\count381
\MPscratchDim=\dimen336
\MPnumerator=\count382
\makeMPintoPDFobject=\count383
\everyMPtoPDFconversion=\toks60
) (/usr/share/texmf/tex/latex/epstopdf-pkg/epstopdf-base.sty
Package: epstopdf-base 2020-01-24 v2.11 Base part for package epstopdf
Package epstopdf-base Info: Redefining graphics rule for `.eps' on input line 4
85.

(/usr/share/texmf/tex/latex/latexconfig/epstopdf-sys.cfg
File: epstopdf-sys.cfg 2010/07/13 v1.3 Configuration of (r)epstopdf for TeX Liv
e
))
Package hyperref Info: Link coloring OFF on input line 10.

(/usr/share/texmf/tex/latex/hyperref/nameref.sty
Package: nameref 2021-04-02 v2.47 Cross-referencing by name of section

(/usr/share/texmf/tex/latex/refcount/refcount.sty
Package: refcount 2019/12/15 v3.6 Data extraction from label references (HO)
)
(/usr/share/texmf/tex/generic/gettitlestring/gettitlestring.sty
Package: gettitlestring 2019/12/15 v1.6 Cleanup title references (HO)
)
\c@section@level=\count384
)
LaTeX Info: Redefining \ref on input line 10.
LaTeX Info: Redefining \pageref on input line 10.
LaTeX Info: Redefining \nameref on input line 10.
 (./talk.out)
(./talk.out)
\@outlinefile=\write5
\openout5 = `talk.out'.


(/usr/share/texmf/tex/latex/translator/translator-basic-dictionary-English.dict
Dictionary: translator-basic-dictionary, Language: English 
)
(/usr/share/texmf/tex/latex/translator/translator-bibliography-dictionary-Engli
sh.dict
Dictionary: translator-bibliography-dictionary, Language: English 
)
(/usr/share/texmf/tex/latex/translator/translator-environment-dictionary-Englis
h.dict
Dictionary: translator-environment-dictionary, Language: English 
)
(/usr/share/texmf/tex/latex/translator/translator-months-dictionary-English.dic
t
Dictionary: translator-months-dictionary, Language: English 
)
(/usr/share/texmf/tex/latex/translator/translator-numbers-dictionary-English.di
ct
Dictionary: translator-numbers-dictionary, Language: English 
)
(/usr/share/texmf/tex/latex/translator/translator-theorem-dictionary-English.di
ct
Dictionary: translator-theorem-dictionary, Language: English 
)
Package pgfplots notification 'compat/show suggested version=true': you might b
enefit from \pgfplotsset{compat=1.17} (current compat level: 1.9).

(./talk.nav)
<drexel-horz-blue.png, id=29, 3412.75pt x 903.375pt>
File: drexel-horz-blue.png Graphic file (type png)
<use drexel-horz-blue.png>
Package pdftex.def Info: drexel-horz-blue.png  used on input line 12.
(pdftex.def)             Requested size: 80.61102pt x 21.33955pt.

Overfull \vbox (41.33958pt too high) detected at line 12
 []


Overfull \vbox (13.79993pt too high) detected at line 12
 []

[1

{/var/lib/texmf/fonts/map/pdftex/updmap/pdftex.map} <./drexel-horz-blue.png>] (
./talk.toc) [2

]
LaTeX Font Info:    Trying to load font information for U+msa on input line 18.

 (/usr/share/texmf/tex/latex/amsfonts/umsa.fd
File: umsa.fd 2013/01/14 v3.01 AMS symbols A
)
LaTeX Font Info:    Trying to load font information for U+msb on input line 18.


(/usr/share/texmf/tex/latex/amsfonts/umsb.fd
File: umsb.fd 2013/01/14 v3.01 AMS symbols B
) [3

] (./frame_models.tex
\openout4 = `talk.vrb'.


(./talk.vrb
Overfull \hbox (39.1596pt too wide) in paragraph at lines 3--14
 [] 
 []

) [4

]) (./frame_md_details.tex
\openout4 = `talk.vrb'.

 (./talk.vrb
LaTeX Font Info:    Trying to load font information for TS1+cmss on input line 
3.

(/usr/share/texmf/tex/latex/base/ts1cmss.fd
File: ts1cmss.fd 2019/12/16 v2.5j Standard LaTeX font definitions
)) [5

]) (./frame_c6_ft_hhl.tex
\openout4 = `talk.vrb'.


(./talk.vrb
</home/cfa/research/hiv/trifppr/class6/C6_FT_HHL/rotation-matrices-gp120.png, i
d=80, 456.0237pt x 383.031pt>
File: /home/cfa/research/hiv/trifppr/class6/C6_FT_HHL/rotation-matrices-gp120.p
ng Graphic file (type png)
<use /home/cfa/research/hiv/trifppr/class6/C6_FT_HHL/rotation-matrices-gp120.pn
g>
Package pdftex.def Info: /home/cfa/research/hiv/trifppr/class6/C6_FT_HHL/rotati
on-matrices-gp120.png  used on input line 6.
(pdftex.def)             Requested size: 144.4266pt x 121.30998pt.
</home/cfa/research/hiv/trifppr/class6/C6_FT_HHL/rotation-matrices-gp41.png, id
=81, 456.0237pt x 383.031pt>
File: /home/cfa/research/hiv/trifppr/class6/C6_FT_HHL/rotation-matrices-gp41.pn
g Graphic file (type png)
<use /home/cfa/research/hiv/trifppr/class6/C6_FT_HHL/rotation-matrices-gp41.png
>
Package pdftex.def Info: /home/cfa/research/hiv/trifppr/class6/C6_FT_HHL/rotati
on-matrices-gp41.png  used on input line 12.
(pdftex.def)             Requested size: 144.4266pt x 121.30998pt.
<trimer_paint_bottom_sodroski_smol.png, id=82, 68.6565pt x 66.2475pt>
File: trimer_paint_bottom_sodroski_smol.png Graphic file (type png)
<use trimer_paint_bottom_sodroski_smol.png>
Package pdftex.def Info: trimer_paint_bottom_sodroski_smol.png  used on input l
ine 16.
(pdftex.def)             Requested size: 49.1675pt x 47.44139pt.
</home/cfa/research/hiv/trifppr/class6/C6_FT_HHL/images/bottom-view.00000.png, 
id=83, 609.27625pt x 592.2125pt>
File: /home/cfa/research/hiv/trifppr/class6/C6_FT_HHL/images/bottom-view.00000.
png Graphic file (type png)
<use /home/cfa/research/hiv/trifppr/class6/C6_FT_HHL/images/bottom-view.00000.p
ng>
Package pdftex.def Info: /home/cfa/research/hiv/trifppr/class6/C6_FT_HHL/images
/bottom-view.00000.png  used on input line 17.
(pdftex.def)             Requested size: 58.38582pt x 56.74873pt.
</home/cfa/research/hiv/trifppr/class6/C6_FT_HHL/images/bottom-view.00033.png, 
id=84, 639.38875pt x 612.2875pt>
File: /home/cfa/research/hiv/trifppr/class6/C6_FT_HHL/images/bottom-view.00033.
png Graphic file (type png)
<use /home/cfa/research/hiv/trifppr/class6/C6_FT_HHL/images/bottom-view.00033.p
ng>
Package pdftex.def Info: /home/cfa/research/hiv/trifppr/class6/C6_FT_HHL/images
/bottom-view.00033.png  used on input line 18.
(pdftex.def)             Requested size: 58.38582pt x 55.90697pt.
</home/cfa/research/hiv/trifppr/class6/C6_FT_HHL/images/bottom-view.00067.png, 
id=85, 607.26875pt x 611.28375pt>
File: /home/cfa/research/hiv/trifppr/class6/C6_FT_HHL/images/bottom-view.00067.
png Graphic file (type png)
<use /home/cfa/research/hiv/trifppr/class6/C6_FT_HHL/images/bottom-view.00067.p
ng>
Package pdftex.def Info: /home/cfa/research/hiv/trifppr/class6/C6_FT_HHL/images
/bottom-view.00067.png  used on input line 19.
(pdftex.def)             Requested size: 58.38582pt x 58.76279pt.
</home/cfa/research/hiv/trifppr/class6/C6_FT_HHL/images/bottom-view.00100.png, 
id=86, 617.30624pt x 613.29124pt>
File: /home/cfa/research/hiv/trifppr/class6/C6_FT_HHL/images/bottom-view.00100.
png Graphic file (type png)
<use /home/cfa/research/hiv/trifppr/class6/C6_FT_HHL/images/bottom-view.00100.p
ng>
Package pdftex.def Info: /home/cfa/research/hiv/trifppr/class6/C6_FT_HHL/images
/bottom-view.00100.png  used on input line 20.
(pdftex.def)             Requested size: 58.38582pt x 58.00124pt.
)
Overfull \vbox (7.94193pt too high) detected at line 24
 []

[6

 </home/cfa/research/hiv/trifppr/class6/C6_FT_HHL/rotation-matrices-gp120.png> 
</home/cfa/research/hiv/trifppr/class6/C6_FT_HHL/rotation-matrices-gp41.png> <.
/trimer_paint_bottom_sodroski_smol.png> </home/cfa/research/hiv/trifppr/class6/
C6_FT_HHL/images/bottom-view.00000.png> </home/cfa/research/hiv/trifppr/class6/
C6_FT_HHL/images/bottom-view.00033.png> </home/cfa/research/hiv/trifppr/class6/
C6_FT_HHL/images/bottom-view.00067.png> </home/cfa/research/hiv/trifppr/class6/
C6_FT_HHL/images/bottom-view.00100.png>]) (./frame_c6_ft_lhl.tex
\openout4 = `talk.vrb'.

 (./talk.vrb
</home/cfa/research/hiv/trifppr/class6/C6_FT_LHL/rotation-matrices-gp120.png, i
d=96, 456.0237pt x 383.031pt>
File: /home/cfa/research/hiv/trifppr/class6/C6_FT_LHL/rotation-matrices-gp120.p
ng Graphic file (type png)
<use /home/cfa/research/hiv/trifppr/class6/C6_FT_LHL/rotation-matrices-gp120.pn
g>
Package pdftex.def Info: /home/cfa/research/hiv/trifppr/class6/C6_FT_LHL/rotati
on-matrices-gp120.png  used on input line 6.
(pdftex.def)             Requested size: 144.4266pt x 121.30998pt.
</home/cfa/research/hiv/trifppr/class6/C6_FT_LHL/rotation-matrices-gp41.png, id
=97, 456.0237pt x 383.031pt>
File: /home/cfa/research/hiv/trifppr/class6/C6_FT_LHL/rotation-matrices-gp41.pn
g Graphic file (type png)
<use /home/cfa/research/hiv/trifppr/class6/C6_FT_LHL/rotation-matrices-gp41.png
>
Package pdftex.def Info: /home/cfa/research/hiv/trifppr/class6/C6_FT_LHL/rotati
on-matrices-gp41.png  used on input line 12.
(pdftex.def)             Requested size: 144.4266pt x 121.30998pt.
File: trimer_paint_bottom_sodroski_smol.png Graphic file (type png)
<use trimer_paint_bottom_sodroski_smol.png>
Package pdftex.def Info: trimer_paint_bottom_sodroski_smol.png  used on input l
ine 16.
(pdftex.def)             Requested size: 49.1675pt x 47.44139pt.
</home/cfa/research/hiv/trifppr/class6/C6_FT_LHL/images/bottom-view.00000.png, 
id=98, 619.31375pt x 597.23125pt>
File: /home/cfa/research/hiv/trifppr/class6/C6_FT_LHL/images/bottom-view.00000.
png Graphic file (type png)
<use /home/cfa/research/hiv/trifppr/class6/C6_FT_LHL/images/bottom-view.00000.p
ng>
Package pdftex.def Info: /home/cfa/research/hiv/trifppr/class6/C6_FT_LHL/images
/bottom-view.00000.png  used on input line 17.
(pdftex.def)             Requested size: 58.38582pt x 56.30013pt.
</home/cfa/research/hiv/trifppr/class6/C6_FT_LHL/images/bottom-view.00033.png, 
id=99, 654.445pt x 594.22pt>
File: /home/cfa/research/hiv/trifppr/class6/C6_FT_LHL/images/bottom-view.00033.
png Graphic file (type png)
<use /home/cfa/research/hiv/trifppr/class6/C6_FT_LHL/images/bottom-view.00033.p
ng>
Package pdftex.def Info: /home/cfa/research/hiv/trifppr/class6/C6_FT_LHL/images
/bottom-view.00033.png  used on input line 18.
(pdftex.def)             Requested size: 58.38582pt x 53.006pt.
</home/cfa/research/hiv/trifppr/class6/C6_FT_LHL/images/bottom-view.00067.png, 
id=100, 646.415pt x 625.33624pt>
File: /home/cfa/research/hiv/trifppr/class6/C6_FT_LHL/images/bottom-view.00067.
png Graphic file (type png)
<use /home/cfa/research/hiv/trifppr/class6/C6_FT_LHL/images/bottom-view.00067.p
ng>
Package pdftex.def Info: /home/cfa/research/hiv/trifppr/class6/C6_FT_LHL/images
/bottom-view.00067.png  used on input line 19.
(pdftex.def)             Requested size: 58.38582pt x 56.47821pt.
</home/cfa/research/hiv/trifppr/class6/C6_FT_LHL/images/bottom-view.00099.png, 
id=101, 651.43375pt x 634.37pt>
File: /home/cfa/research/hiv/trifppr/class6/C6_FT_LHL/images/bottom-view.00099.
png Graphic file (type png)
<use /home/cfa/research/hiv/trifppr/class6/C6_FT_LHL/images/bottom-view.00099.p
ng>
Package pdftex.def Info: /home/cfa/research/hiv/trifppr/class6/C6_FT_LHL/images
/bottom-view.00099.png  used on input line 20.
(pdftex.def)             Requested size: 58.38582pt x 56.84883pt.
)
Overfull \vbox (4.08353pt too high) detected at line 24
 []

[7

 </home/cfa/research/hiv/trifppr/class6/C6_FT_LHL/rotation-matrices-gp120.png> 
</home/cfa/research/hiv/trifppr/class6/C6_FT_LHL/rotation-matrices-gp41.png> </
home/cfa/research/hiv/trifppr/class6/C6_FT_LHL/images/bottom-view.00000.png> </
home/cfa/research/hiv/trifppr/class6/C6_FT_LHL/images/bottom-view.00033.png> </
home/cfa/research/hiv/trifppr/class6/C6_FT_LHL/images/bottom-view.00067.png> </
home/cfa/research/hiv/trifppr/class6/C6_FT_LHL/images/bottom-view.00099.png>]) 
(./frame_c6_ft_lll.tex
\openout4 = `talk.vrb'.

 (./talk.vrb
</home/cfa/research/hiv/trifppr/class6/C6_FT_LLL/rotation-matrices-gp120.png, i
d=112, 456.0237pt x 383.031pt>
File: /home/cfa/research/hiv/trifppr/class6/C6_FT_LLL/rotation-matrices-gp120.p
ng Graphic file (type png)
<use /home/cfa/research/hiv/trifppr/class6/C6_FT_LLL/rotation-matrices-gp120.pn
g>
Package pdftex.def Info: /home/cfa/research/hiv/trifppr/class6/C6_FT_LLL/rotati
on-matrices-gp120.png  used on input line 6.
(pdftex.def)             Requested size: 144.4266pt x 121.30998pt.
</home/cfa/research/hiv/trifppr/class6/C6_FT_LLL/rotation-matrices-gp41.png, id
=113, 456.0237pt x 383.031pt>
File: /home/cfa/research/hiv/trifppr/class6/C6_FT_LLL/rotation-matrices-gp41.pn
g Graphic file (type png)
<use /home/cfa/research/hiv/trifppr/class6/C6_FT_LLL/rotation-matrices-gp41.png
>
Package pdftex.def Info: /home/cfa/research/hiv/trifppr/class6/C6_FT_LLL/rotati
on-matrices-gp41.png  used on input line 12.
(pdftex.def)             Requested size: 144.4266pt x 121.30998pt.
File: trimer_paint_bottom_sodroski_smol.png Graphic file (type png)
<use trimer_paint_bottom_sodroski_smol.png>
Package pdftex.def Info: trimer_paint_bottom_sodroski_smol.png  used on input l
ine 16.
(pdftex.def)             Requested size: 49.1675pt x 47.44139pt.
</home/cfa/research/hiv/trifppr/class6/C6_FT_LLL/images/bottom-view.00000.png, 
id=114, 539.01375pt x 525.965pt>
File: /home/cfa/research/hiv/trifppr/class6/C6_FT_LLL/images/bottom-view.00000.
png Graphic file (type png)
<use /home/cfa/research/hiv/trifppr/class6/C6_FT_LLL/images/bottom-view.00000.p
ng>
Package pdftex.def Info: /home/cfa/research/hiv/trifppr/class6/C6_FT_LLL/images
/bottom-view.00000.png  used on input line 17.
(pdftex.def)             Requested size: 58.38582pt x 56.96548pt.
</home/cfa/research/hiv/trifppr/class6/C6_FT_LLL/images/bottom-view.00033.png, 
id=115, 559.08875pt x 532.99126pt>
File: /home/cfa/research/hiv/trifppr/class6/C6_FT_LLL/images/bottom-view.00033.
png Graphic file (type png)
<use /home/cfa/research/hiv/trifppr/class6/C6_FT_LLL/images/bottom-view.00033.p
ng>
Package pdftex.def Info: /home/cfa/research/hiv/trifppr/class6/C6_FT_LLL/images
/bottom-view.00033.png  used on input line 18.
(pdftex.def)             Requested size: 58.38582pt x 55.65262pt.
</home/cfa/research/hiv/trifppr/class6/C6_FT_LLL/images/bottom-view.00067.png, 
id=116, 550.055pt x 539.01375pt>
File: /home/cfa/research/hiv/trifppr/class6/C6_FT_LLL/images/bottom-view.00067.
png Graphic file (type png)
<use /home/cfa/research/hiv/trifppr/class6/C6_FT_LLL/images/bottom-view.00067.p
ng>
Package pdftex.def Info: /home/cfa/research/hiv/trifppr/class6/C6_FT_LLL/images
/bottom-view.00067.png  used on input line 19.
(pdftex.def)             Requested size: 58.38582pt x 57.21085pt.
</home/cfa/research/hiv/trifppr/class6/C6_FT_LLL/images/bottom-view.00099.png, 
id=117, 554.07pt x 545.03625pt>
File: /home/cfa/research/hiv/trifppr/class6/C6_FT_LLL/images/bottom-view.00099.
png Graphic file (type png)
<use /home/cfa/research/hiv/trifppr/class6/C6_FT_LLL/images/bottom-view.00099.p
ng>
Package pdftex.def Info: /home/cfa/research/hiv/trifppr/class6/C6_FT_LLL/images
/bottom-view.00099.png  used on input line 20.
(pdftex.def)             Requested size: 58.38582pt x 57.42593pt.
)
Overfull \vbox (6.60507pt too high) detected at line 24
 []

[8

 </home/cfa/research/hiv/trifppr/class6/C6_FT_LLL/rotation-matrices-gp120.png> 
</home/cfa/research/hiv/trifppr/class6/C6_FT_LLL/rotation-matrices-gp41.png> </
home/cfa/research/hiv/trifppr/class6/C6_FT_LLL/images/bottom-view.00000.png> </
home/cfa/research/hiv/trifppr/class6/C6_FT_LLL/images/bottom-view.00033.png> </
home/cfa/research/hiv/trifppr/class6/C6_FT_LLL/images/bottom-view.00067.png> </
home/cfa/research/hiv/trifppr/class6/C6_FT_LLL/images/bottom-view.00099.png>]) 
(./frame_c6_s1_hhh.tex
\openout4 = `talk.vrb'.

 (./talk.vrb
</home/cfa/research/hiv/trifppr/class6/C6_S1_HHH/rotation-matrices-gp120.png, i
d=126, 456.0237pt x 383.031pt>
File: /home/cfa/research/hiv/trifppr/class6/C6_S1_HHH/rotation-matrices-gp120.p
ng Graphic file (type png)
<use /home/cfa/research/hiv/trifppr/class6/C6_S1_HHH/rotation-matrices-gp120.pn
g>
Package pdftex.def Info: /home/cfa/research/hiv/trifppr/class6/C6_S1_HHH/rotati
on-matrices-gp120.png  used on input line 6.
(pdftex.def)             Requested size: 144.4266pt x 121.30998pt.
</home/cfa/research/hiv/trifppr/class6/C6_S1_HHH/rotation-matrices-gp41.png, id
=127, 456.0237pt x 383.031pt>
File: /home/cfa/research/hiv/trifppr/class6/C6_S1_HHH/rotation-matrices-gp41.pn
g Graphic file (type png)
<use /home/cfa/research/hiv/trifppr/class6/C6_S1_HHH/rotation-matrices-gp41.png
>
Package pdftex.def Info: /home/cfa/research/hiv/trifppr/class6/C6_S1_HHH/rotati
on-matrices-gp41.png  used on input line 12.
(pdftex.def)             Requested size: 144.4266pt x 121.30998pt.
File: trimer_paint_bottom_sodroski_smol.png Graphic file (type png)
<use trimer_paint_bottom_sodroski_smol.png>
Package pdftex.def Info: trimer_paint_bottom_sodroski_smol.png  used on input l
ine 16.
(pdftex.def)             Requested size: 49.1675pt x 47.44139pt.
<rotate1.png, id=128, 99.426pt x 79.278pt>
File: rotate1.png Graphic file (type png)
<use rotate1.png>
Package pdftex.def Info: rotate1.png  used on input line 17.
(pdftex.def)             Requested size: 24.58374pt x 19.6017pt.
</home/cfa/research/hiv/trifppr/class6/C6_S1_HHH/images/side-view.00000.png, id
=129, 488.82625pt x 509.905pt>
File: /home/cfa/research/hiv/trifppr/class6/C6_S1_HHH/images/side-view.00000.pn
g Graphic file (type png)
<use /home/cfa/research/hiv/trifppr/class6/C6_S1_HHH/images/side-view.00000.png
>
Package pdftex.def Info: /home/cfa/research/hiv/trifppr/class6/C6_S1_HHH/images
/side-view.00000.png  used on input line 18.
(pdftex.def)             Requested size: 49.1675pt x 51.28136pt.
</home/cfa/research/hiv/trifppr/class6/C6_S1_HHH/images/side-view.00033.png, id
=130, 505.89pt x 545.03625pt>
File: /home/cfa/research/hiv/trifppr/class6/C6_S1_HHH/images/side-view.00033.pn
g Graphic file (type png)
<use /home/cfa/research/hiv/trifppr/class6/C6_S1_HHH/images/side-view.00033.png
>
Package pdftex.def Info: /home/cfa/research/hiv/trifppr/class6/C6_S1_HHH/images
/side-view.00033.png  used on input line 19.
(pdftex.def)             Requested size: 49.1675pt x 52.96825pt.
</home/cfa/research/hiv/trifppr/class6/C6_S1_HHH/images/side-view.00067.png, id
=131, 502.87875pt x 519.9425pt>
File: /home/cfa/research/hiv/trifppr/class6/C6_S1_HHH/images/side-view.00067.pn
g Graphic file (type png)
<use /home/cfa/research/hiv/trifppr/class6/C6_S1_HHH/images/side-view.00067.png
>
Package pdftex.def Info: /home/cfa/research/hiv/trifppr/class6/C6_S1_HHH/images
/side-view.00067.png  used on input line 20.
(pdftex.def)             Requested size: 49.1675pt x 50.83104pt.
</home/cfa/research/hiv/trifppr/class6/C6_S1_HHH/images/side-view.00099.png, id
=132, 518.93875pt x 546.04pt>
File: /home/cfa/research/hiv/trifppr/class6/C6_S1_HHH/images/side-view.00099.pn
g Graphic file (type png)
<use /home/cfa/research/hiv/trifppr/class6/C6_S1_HHH/images/side-view.00099.png
>
Package pdftex.def Info: /home/cfa/research/hiv/trifppr/class6/C6_S1_HHH/images
/side-view.00099.png  used on input line 21.
(pdftex.def)             Requested size: 49.1675pt x 51.7327pt.
)
Overfull \vbox (0.20294pt too high) detected at line 25
 []

[9

 </home/cfa/research/hiv/trifppr/class6/C6_S1_HHH/rotation-matrices-gp120.png> 
</home/cfa/research/hiv/trifppr/class6/C6_S1_HHH/rotation-matrices-gp41.png> <.
/rotate1.png> </home/cfa/research/hiv/trifppr/class6/C6_S1_HHH/images/side-view
.00000.png> </home/cfa/research/hiv/trifppr/class6/C6_S1_HHH/images/side-view.0
0033.png> </home/cfa/research/hiv/trifppr/class6/C6_S1_HHH/images/side-view.000
67.png> </home/cfa/research/hiv/trifppr/class6/C6_S1_HHH/images/side-view.00099
.png>]) (./frame_c6_s1_lll.tex
\openout4 = `talk.vrb'.

 (./talk.vrb
</home/cfa/research/hiv/trifppr/class6/C6_S1_LLL/rotation-matrices-gp120.png, i
d=142, 456.0237pt x 383.031pt>
File: /home/cfa/research/hiv/trifppr/class6/C6_S1_LLL/rotation-matrices-gp120.p
ng Graphic file (type png)
<use /home/cfa/research/hiv/trifppr/class6/C6_S1_LLL/rotation-matrices-gp120.pn
g>
Package pdftex.def Info: /home/cfa/research/hiv/trifppr/class6/C6_S1_LLL/rotati
on-matrices-gp120.png  used on input line 6.
(pdftex.def)             Requested size: 144.4266pt x 121.30998pt.
</home/cfa/research/hiv/trifppr/class6/C6_S1_LLL/rotation-matrices-gp41.png, id
=143, 456.0237pt x 383.031pt>
File: /home/cfa/research/hiv/trifppr/class6/C6_S1_LLL/rotation-matrices-gp41.pn
g Graphic file (type png)
<use /home/cfa/research/hiv/trifppr/class6/C6_S1_LLL/rotation-matrices-gp41.png
>
Package pdftex.def Info: /home/cfa/research/hiv/trifppr/class6/C6_S1_LLL/rotati
on-matrices-gp41.png  used on input line 12.
(pdftex.def)             Requested size: 144.4266pt x 121.30998pt.
File: trimer_paint_bottom_sodroski_smol.png Graphic file (type png)
<use trimer_paint_bottom_sodroski_smol.png>
Package pdftex.def Info: trimer_paint_bottom_sodroski_smol.png  used on input l
ine 16.
(pdftex.def)             Requested size: 49.1675pt x 47.44139pt.
</home/cfa/research/hiv/trifppr/class6/C6_S1_LLL/images/bottom-view.00000.png, 
id=144, 537.00626pt x 511.9125pt>
File: /home/cfa/research/hiv/trifppr/class6/C6_S1_LLL/images/bottom-view.00000.
png Graphic file (type png)
<use /home/cfa/research/hiv/trifppr/class6/C6_S1_LLL/images/bottom-view.00000.p
ng>
Package pdftex.def Info: /home/cfa/research/hiv/trifppr/class6/C6_S1_LLL/images
/bottom-view.00000.png  used on input line 18.
(pdftex.def)             Requested size: 58.38582pt x 55.6544pt.
</home/cfa/research/hiv/trifppr/class6/C6_S1_LLL/images/bottom-view.00033.png, 
id=145, 551.05875pt x 514.92375pt>
File: /home/cfa/research/hiv/trifppr/class6/C6_S1_LLL/images/bottom-view.00033.
png Graphic file (type png)
<use /home/cfa/research/hiv/trifppr/class6/C6_S1_LLL/images/bottom-view.00033.p
ng>
Package pdftex.def Info: /home/cfa/research/hiv/trifppr/class6/C6_S1_LLL/images
/bottom-view.00033.png  used on input line 19.
(pdftex.def)             Requested size: 58.38582pt x 54.55179pt.
</home/cfa/research/hiv/trifppr/class6/C6_S1_LLL/images/bottom-view.00067.png, 
id=146, 549.05125pt x 529.98pt>
File: /home/cfa/research/hiv/trifppr/class6/C6_S1_LLL/images/bottom-view.00067.
png Graphic file (type png)
<use /home/cfa/research/hiv/trifppr/class6/C6_S1_LLL/images/bottom-view.00067.p
ng>
Package pdftex.def Info: /home/cfa/research/hiv/trifppr/class6/C6_S1_LLL/images
/bottom-view.00067.png  used on input line 20.
(pdftex.def)             Requested size: 58.38582pt x 56.35713pt.
</home/cfa/research/hiv/trifppr/class6/C6_S1_LLL/images/bottom-view.00099.png, 
id=147, 569.12625pt x 506.89375pt>
File: /home/cfa/research/hiv/trifppr/class6/C6_S1_LLL/images/bottom-view.00099.
png Graphic file (type png)
<use /home/cfa/research/hiv/trifppr/class6/C6_S1_LLL/images/bottom-view.00099.p
ng>
Package pdftex.def Info: /home/cfa/research/hiv/trifppr/class6/C6_S1_LLL/images
/bottom-view.00099.png  used on input line 21.
(pdftex.def)             Requested size: 58.38582pt x 51.99948pt.
)
Overfull \vbox (5.53627pt too high) detected at line 25
 []

[10

 </home/cfa/research/hiv/trifppr/class6/C6_S1_LLL/rotation-matrices-gp120.png> 
</home/cfa/research/hiv/trifppr/class6/C6_S1_LLL/rotation-matrices-gp41.png> </
home/cfa/research/hiv/trifppr/class6/C6_S1_LLL/images/bottom-view.00000.png> </
home/cfa/research/hiv/trifppr/class6/C6_S1_LLL/images/bottom-view.00033.png> </
home/cfa/research/hiv/trifppr/class6/C6_S1_LLL/images/bottom-view.00067.png> </
home/cfa/research/hiv/trifppr/class6/C6_S1_LLL/images/bottom-view.00099.png>]) 
(./frame_c6_s1_lllb.tex
\openout4 = `talk.vrb'.

 (./talk.vrb
</home/cfa/research/hiv/trifppr/class6/C6_S1_LLLb/rotation-matrices-gp120.png, 
id=156, 456.0237pt x 383.031pt>
File: /home/cfa/research/hiv/trifppr/class6/C6_S1_LLLb/rotation-matrices-gp120.
png Graphic file (type png)
<use /home/cfa/research/hiv/trifppr/class6/C6_S1_LLLb/rotation-matrices-gp120.p
ng>
Package pdftex.def Info: /home/cfa/research/hiv/trifppr/class6/C6_S1_LLLb/rotat
ion-matrices-gp120.png  used on input line 6.
(pdftex.def)             Requested size: 144.4266pt x 121.30998pt.
</home/cfa/research/hiv/trifppr/class6/C6_S1_LLLb/rotation-matrices-gp41.png, i
d=157, 456.0237pt x 383.031pt>
File: /home/cfa/research/hiv/trifppr/class6/C6_S1_LLLb/rotation-matrices-gp41.p
ng Graphic file (type png)
<use /home/cfa/research/hiv/trifppr/class6/C6_S1_LLLb/rotation-matrices-gp41.pn
g>
Package pdftex.def Info: /home/cfa/research/hiv/trifppr/class6/C6_S1_LLLb/rotat
ion-matrices-gp41.png  used on input line 12.
(pdftex.def)             Requested size: 144.4266pt x 121.30998pt.
File: trimer_paint_bottom_sodroski_smol.png Graphic file (type png)
<use trimer_paint_bottom_sodroski_smol.png>
Package pdftex.def Info: trimer_paint_bottom_sodroski_smol.png  used on input l
ine 16.
(pdftex.def)             Requested size: 49.1675pt x 47.44139pt.
</home/cfa/research/hiv/trifppr/class6/C6_S1_LLLb/images/bottom-view.00000.png,
 id=158, 552.0625pt x 515.9275pt>
File: /home/cfa/research/hiv/trifppr/class6/C6_S1_LLLb/images/bottom-view.00000
.png Graphic file (type png)
<use /home/cfa/research/hiv/trifppr/class6/C6_S1_LLLb/images/bottom-view.00000.
png>
Package pdftex.def Info: /home/cfa/research/hiv/trifppr/class6/C6_S1_LLLb/image
s/bottom-view.00000.png  used on input line 18.
(pdftex.def)             Requested size: 58.38582pt x 54.56366pt.
</home/cfa/research/hiv/trifppr/class6/C6_S1_LLLb/images/bottom-view.00033.png,
 id=159, 570.13pt x 527.9725pt>
File: /home/cfa/research/hiv/trifppr/class6/C6_S1_LLLb/images/bottom-view.00033
.png Graphic file (type png)
<use /home/cfa/research/hiv/trifppr/class6/C6_S1_LLLb/images/bottom-view.00033.
png>
Package pdftex.def Info: /home/cfa/research/hiv/trifppr/class6/C6_S1_LLLb/image
s/bottom-view.00033.png  used on input line 19.
(pdftex.def)             Requested size: 58.38582pt x 54.06516pt.
</home/cfa/research/hiv/trifppr/class6/C6_S1_LLLb/images/bottom-view.00067.png,
 id=160, 567.11874pt x 531.9875pt>
File: /home/cfa/research/hiv/trifppr/class6/C6_S1_LLLb/images/bottom-view.00067
.png Graphic file (type png)
<use /home/cfa/research/hiv/trifppr/class6/C6_S1_LLLb/images/bottom-view.00067.
png>
Package pdftex.def Info: /home/cfa/research/hiv/trifppr/class6/C6_S1_LLLb/image
s/bottom-view.00067.png  used on input line 20.
(pdftex.def)             Requested size: 58.38582pt x 54.76852pt.
</home/cfa/research/hiv/trifppr/class6/C6_S1_LLLb/images/bottom-view.00099.png,
 id=161, 586.19pt x 529.98pt>
File: /home/cfa/research/hiv/trifppr/class6/C6_S1_LLLb/images/bottom-view.00099
.png Graphic file (type png)
<use /home/cfa/research/hiv/trifppr/class6/C6_S1_LLLb/images/bottom-view.00099.
png>
Package pdftex.def Info: /home/cfa/research/hiv/trifppr/class6/C6_S1_LLLb/image
s/bottom-view.00099.png  used on input line 21.
(pdftex.def)             Requested size: 58.38582pt x 52.78275pt.
) [11

 </home/cfa/research/hiv/trifppr/class6/C6_S1_LLLb/rotation-matrices-gp120.png>
 </home/cfa/research/hiv/trifppr/class6/C6_S1_LLLb/rotation-matrices-gp41.png> 
</home/cfa/research/hiv/trifppr/class6/C6_S1_LLLb/images/bottom-view.00000.png>
 </home/cfa/research/hiv/trifppr/class6/C6_S1_LLLb/images/bottom-view.00033.png
> </home/cfa/research/hiv/trifppr/class6/C6_S1_LLLb/images/bottom-view.00067.pn
g> </home/cfa/research/hiv/trifppr/class6/C6_S1_LLLb/images/bottom-view.00099.p
ng>]) (./frame_c6_s1_lllc.tex
\openout4 = `talk.vrb'.


(./talk.vrb
</home/cfa/research/hiv/trifppr/class6/C6_S1_LLLc/rotation-matrices-gp120.png, 
id=170, 456.0237pt x 383.031pt>
File: /home/cfa/research/hiv/trifppr/class6/C6_S1_LLLc/rotation-matrices-gp120.
png Graphic file (type png)
<use /home/cfa/research/hiv/trifppr/class6/C6_S1_LLLc/rotation-matrices-gp120.p
ng>
Package pdftex.def Info: /home/cfa/research/hiv/trifppr/class6/C6_S1_LLLc/rotat
ion-matrices-gp120.png  used on input line 6.
(pdftex.def)             Requested size: 144.4266pt x 121.30998pt.
</home/cfa/research/hiv/trifppr/class6/C6_S1_LLLc/rotation-matrices-gp41.png, i
d=171, 456.0237pt x 383.031pt>
File: /home/cfa/research/hiv/trifppr/class6/C6_S1_LLLc/rotation-matrices-gp41.p
ng Graphic file (type png)
<use /home/cfa/research/hiv/trifppr/class6/C6_S1_LLLc/rotation-matrices-gp41.pn
g>
Package pdftex.def Info: /home/cfa/research/hiv/trifppr/class6/C6_S1_LLLc/rotat
ion-matrices-gp41.png  used on input line 12.
(pdftex.def)             Requested size: 144.4266pt x 121.30998pt.
File: trimer_paint_bottom_sodroski_smol.png Graphic file (type png)
<use trimer_paint_bottom_sodroski_smol.png>
Package pdftex.def Info: trimer_paint_bottom_sodroski_smol.png  used on input l
ine 16.
(pdftex.def)             Requested size: 49.1675pt x 47.44139pt.
</home/cfa/research/hiv/trifppr/class6/C6_S1_LLLc/images/bottom-view.00000.png,
 id=172, 559.08875pt x 527.9725pt>
File: /home/cfa/research/hiv/trifppr/class6/C6_S1_LLLc/images/bottom-view.00000
.png Graphic file (type png)
<use /home/cfa/research/hiv/trifppr/class6/C6_S1_LLLc/images/bottom-view.00000.
png>
Package pdftex.def Info: /home/cfa/research/hiv/trifppr/class6/C6_S1_LLLc/image
s/bottom-view.00000.png  used on input line 18.
(pdftex.def)             Requested size: 58.38582pt x 55.12857pt.
</home/cfa/research/hiv/trifppr/class6/C6_S1_LLLc/images/bottom-view.00033.png,
 id=173, 577.15625pt x 531.9875pt>
File: /home/cfa/research/hiv/trifppr/class6/C6_S1_LLLc/images/bottom-view.00033
.png Graphic file (type png)
<use /home/cfa/research/hiv/trifppr/class6/C6_S1_LLLc/images/bottom-view.00033.
png>
Package pdftex.def Info: /home/cfa/research/hiv/trifppr/class6/C6_S1_LLLc/image
s/bottom-view.00033.png  used on input line 19.
(pdftex.def)             Requested size: 58.38582pt x 53.81067pt.
</home/cfa/research/hiv/trifppr/class6/C6_S1_LLLc/images/bottom-view.00067.png,
 id=174, 575.14874pt x 546.04pt>
File: /home/cfa/research/hiv/trifppr/class6/C6_S1_LLLc/images/bottom-view.00067
.png Graphic file (type png)
<use /home/cfa/research/hiv/trifppr/class6/C6_S1_LLLc/images/bottom-view.00067.
png>
Package pdftex.def Info: /home/cfa/research/hiv/trifppr/class6/C6_S1_LLLc/image
s/bottom-view.00067.png  used on input line 20.
(pdftex.def)             Requested size: 58.38582pt x 55.42372pt.
</home/cfa/research/hiv/trifppr/class6/C6_S1_LLLc/images/bottom-view.00099.png,
 id=175, 594.22pt x 532.99126pt>
File: /home/cfa/research/hiv/trifppr/class6/C6_S1_LLLc/images/bottom-view.00099
.png Graphic file (type png)
<use /home/cfa/research/hiv/trifppr/class6/C6_S1_LLLc/images/bottom-view.00099.
png>
Package pdftex.def Info: /home/cfa/research/hiv/trifppr/class6/C6_S1_LLLc/image
s/bottom-view.00099.png  used on input line 21.
(pdftex.def)             Requested size: 58.38582pt x 52.36697pt.
) [12

 </home/cfa/research/hiv/trifppr/class6/C6_S1_LLLc/rotation-matrices-gp120.png>
 </home/cfa/research/hiv/trifppr/class6/C6_S1_LLLc/rotation-matrices-gp41.png> 
</home/cfa/research/hiv/trifppr/class6/C6_S1_LLLc/images/bottom-view.00000.png>
 </home/cfa/research/hiv/trifppr/class6/C6_S1_LLLc/images/bottom-view.00033.png
> </home/cfa/research/hiv/trifppr/class6/C6_S1_LLLc/images/bottom-view.00067.pn
g> </home/cfa/research/hiv/trifppr/class6/C6_S1_LLLc/images/bottom-view.00099.p
ng>]) (./frame_4zmj+mper.tex
\openout4 = `talk.vrb'.

 (./talk.vrb
<ppt/media/image5.png, id=184, 467.49657pt x 499.11469pt>
File: ppt/media/image5.png Graphic file (type png)
<use ppt/media/image5.png>
Package pdftex.def Info: ppt/media/image5.png  used on input line 3.
(pdftex.def)             Requested size: 45.78682pt x 48.87863pt.
<ppt/media/image6.png, id=185, 467.49657pt x 499.11469pt>
File: ppt/media/image6.png Graphic file (type png)
<use ppt/media/image6.png>
Package pdftex.def Info: ppt/media/image6.png  used on input line 4.
(pdftex.def)             Requested size: 45.78682pt x 48.87863pt.
<ppt/media/image7.png, id=186, 467.49657pt x 499.11469pt>
File: ppt/media/image7.png Graphic file (type png)
<use ppt/media/image7.png>
Package pdftex.def Info: ppt/media/image7.png  used on input line 5.
(pdftex.def)             Requested size: 45.78682pt x 48.87863pt.
<ppt/media/image8.png, id=187, 467.49657pt x 499.11469pt>
File: ppt/media/image8.png Graphic file (type png)
<use ppt/media/image8.png>
Package pdftex.def Info: ppt/media/image8.png  used on input line 6.
(pdftex.def)             Requested size: 45.78682pt x 48.87863pt.
<ppt/media/image9.png, id=188, 467.49657pt x 499.11469pt>
File: ppt/media/image9.png Graphic file (type png)
<use ppt/media/image9.png>
Package pdftex.def Info: ppt/media/image9.png  used on input line 7.
(pdftex.def)             Requested size: 45.78682pt x 48.87863pt.
<ppt/media/image11.png, id=189, 467.49657pt x 499.11469pt>
File: ppt/media/image11.png Graphic file (type png)
<use ppt/media/image11.png>
Package pdftex.def Info: ppt/media/image11.png  used on input line 8.
(pdftex.def)             Requested size: 45.78682pt x 48.87863pt.
<ppt/media/image1.png, id=190, 444.91219pt x 438.13687pt>
File: ppt/media/image1.png Graphic file (type png)
<use ppt/media/image1.png>
Package pdftex.def Info: ppt/media/image1.png  used on input line 10.
(pdftex.def)             Requested size: 45.78682pt x 45.08647pt.
<ppt/media/image2.png, id=191, 478.78876pt x 445.665pt>
File: ppt/media/image2.png Graphic file (type png)
<use ppt/media/image2.png>
Package pdftex.def Info: ppt/media/image2.png  used on input line 11.
(pdftex.def)             Requested size: 45.78682pt x 42.61742pt.
<ppt/media/image3.png, id=192, 478.78876pt x 445.665pt>
File: ppt/media/image3.png Graphic file (type png)
<use ppt/media/image3.png>
Package pdftex.def Info: ppt/media/image3.png  used on input line 12.
(pdftex.def)             Requested size: 45.78682pt x 42.61742pt.
<ppt/media/image4.png, id=193, 478.78876pt x 445.665pt>
File: ppt/media/image4.png Graphic file (type png)
<use ppt/media/image4.png>
Package pdftex.def Info: ppt/media/image4.png  used on input line 13.
(pdftex.def)             Requested size: 45.78682pt x 42.61742pt.
<ppt/media/image10.png, id=194, 478.78876pt x 445.665pt>
File: ppt/media/image10.png Graphic file (type png)
<use ppt/media/image10.png>
Package pdftex.def Info: ppt/media/image10.png  used on input line 14.
(pdftex.def)             Requested size: 45.78682pt x 42.61742pt.
<ppt/media/image12.png, id=195, 478.78876pt x 445.665pt>
File: ppt/media/image12.png Graphic file (type png)
<use ppt/media/image12.png>
Package pdftex.def Info: ppt/media/image12.png  used on input line 15.
(pdftex.def)             Requested size: 45.78682pt x 42.61742pt.
) [13

 <./ppt/media/image5.png (PNG copy)> <./ppt/media/image6.png (PNG copy)> <./ppt
/media/image7.png (PNG copy)> <./ppt/media/image8.png (PNG copy)> <./ppt/media/
image9.png (PNG copy)> <./ppt/media/image11.png (PNG copy)> <./ppt/media/image1
.png (PNG copy)> <./ppt/media/image2.png (PNG copy)> <./ppt/media/image3.png (P
NG copy)> <./ppt/media/image4.png (PNG copy)> <./ppt/media/image10.png (PNG cop
y)> <./ppt/media/image12.png (PNG copy)>]) [14

] (./frame_models_2.tex
\openout4 = `talk.vrb'.

 (./talk.vrb) [15

])
(./frame_sosips.tex
\openout4 = `talk.vrb'.

 (./talk.vrb
<4zmj-mper-tm-example.png, id=216, 858.20625pt x 916.92563pt>
File: 4zmj-mper-tm-example.png Graphic file (type png)
<use 4zmj-mper-tm-example.png>
Package pdftex.def Info: 4zmj-mper-tm-example.png  used on input line 6.
(pdftex.def)             Requested size: 144.4266pt x 154.30829pt.
<5vn3-mper-tm-update-1.png, id=217, 852.18375pt x 936.49875pt>
File: 5vn3-mper-tm-update-1.png Graphic file (type png)
<use 5vn3-mper-tm-update-1.png>
Package pdftex.def Info: 5vn3-mper-tm-update-1.png  used on input line 12.
(pdftex.def)             Requested size: 144.4266pt x 158.71683pt.
) [16

 <./4zmj-mper-tm-example.png (PNG copy)> <./5vn3-mper-tm-update-1.png>]) [17

] (./frame_conclusions.tex
\openout4 = `talk.vrb'.

 (./talk.vrb)
[18

]) [19

] (./frame_upcoming.tex
\openout4 = `talk.vrb'.

 (./talk.vrb) [20

])
(./frame_acknowledgments.tex
\openout4 = `talk.vrb'.

 (./talk.vrb) [21

])
\tf@nav=\write6
\openout6 = `talk.nav'.

\tf@toc=\write7
\openout7 = `talk.toc'.

\tf@snm=\write8
\openout8 = `talk.snm'.

 (./talk.aux)
Package rerunfilecheck Info: File `talk.out' has not changed.
(rerunfilecheck)             Checksum: 9E9ED25786AFC8B91C8F1E9EB9D2109E;696.
 ) 
Here is how much of TeX's memory you used:
 37778 strings out of 479515
 891999 string characters out of 5877294
 1279803 words of memory out of 5000000
 54170 multiletter control sequences out of 15000+600000
 409720 words of font info for 50 fonts, out of 8000000 for 9000
 891 hyphenation exceptions out of 8191
 131i,13n,132p,1838b,780s stack positions out of 5000i,500n,10000p,200000b,80000s
{/usr/share/texmf/fonts/enc/dvips/cm-super/cm-super-ts1.enc}</usr/share/texmf
/fonts/type1/public/amsfonts/cm/cmmi10.pfb></usr/share/texmf/fonts/type1/public
/amsfonts/cm/cmmi7.pfb></usr/share/texmf/fonts/type1/public/amsfonts/cm/cmr7.pf
b></usr/share/texmf/fonts/type1/public/amsfonts/cm/cmss10.pfb></usr/share/texmf
/fonts/type1/public/amsfonts/cm/cmss8.pfb></usr/share/texmf/fonts/type1/public/
amsfonts/cm/cmss9.pfb></usr/share/texmf/fonts/type1/public/amsfonts/cm/cmssbx10
.pfb></usr/share/texmf/fonts/type1/public/cm-super/sfss0900.pfb></usr/share/tex
mf/fonts/type1/public/cm-super/sfss1000.pfb>
Output written on talk.pdf (21 pages, 18960404 bytes).
PDF statistics:
 301 PDF objects out of 1000 (max. 8388607)
 185 compressed objects within 2 object streams
 47 named destinations out of 1000 (max. 500000)
 370 words of extra memory for PDF output out of 10000 (max. 10000000)

